Using pre-set license
Built from '2020.3/release' branch; Version is '2020.3.1f1 (77a89f25062f) revision 7841951'; Using compiler version '192528614'; Build Type 'Release'
OS: 'Windows 10 Pro; OS build 19042.928; Version 2009; 64bit' Language: 'en' Physical Memory: 32715 MB
BatchMode: 1, IsHumanControllingUs: 0, StartBugReporterOnCrash: 0, Is64bit: 1, IsPro: 0

 COMMAND LINE ARGUMENTS:
C:\Program Files\Unity\Hub\Editor\2020.3.1f1\Editor\Unity.exe
-adb2
-batchMode
-noUpm
-name
AssetImportWorker0
-projectPath
D:/Games/Unity/Unity Hub/Projects/Monkey Game
-logFile
Logs/AssetImportWorker0.log
-srvPort
59069
Successfully changed project path to: D:/Games/Unity/Unity Hub/Projects/Monkey Game
D:/Games/Unity/Unity Hub/Projects/Monkey Game
Using Asset Import Pipeline V2.
Refreshing native plugins compatible for Editor in 50.47 ms, found 0 plugins.
Preloading 0 native plugins for Editor in 0.00 ms.
Initialize engine version: 2020.3.1f1 (77a89f25062f)
[Subsystems] Discovering subsystems at path C:/Program Files/Unity/Hub/Editor/2020.3.1f1/Editor/Data/Resources/UnitySubsystems
[Subsystems] Discovering subsystems at path D:/Games/Unity/Unity Hub/Projects/Monkey Game/Assets
GfxDevice: creating device client; threaded=0
Direct3D:
    Version:  Direct3D 11.0 [level 11.1]
    Renderer: NVIDIA GeForce RTX 3090 (ID=0x2204)
    Vendor:   
    VRAM:     24348 MB
    Driver:   27.21.14.5671
Shader 'Universal Render Pipeline/Particles/Lit': fallback shader 'Universal Render Pipeline/Particles/SimpleLit' not found
Initialize mono
Mono path[0] = 'C:/Program Files/Unity/Hub/Editor/2020.3.1f1/Editor/Data/Managed'
Mono path[1] = 'C:/Program Files/Unity/Hub/Editor/2020.3.1f1/Editor/Data/MonoBleedingEdge/lib/mono/unityjit'
Mono config path = 'C:/Program Files/Unity/Hub/Editor/2020.3.1f1/Editor/Data/MonoBleedingEdge/etc'
Using monoOptions --debugger-agent=transport=dt_socket,embedding=1,server=y,suspend=n,address=127.0.0.1:56204
Begin MonoManager ReloadAssembly
Registering precompiled unity dll's ...
Register platform support module: C:/Program Files/Unity/Hub/Editor/2020.3.1f1/Editor/Data/PlaybackEngines/WebGLSupport/UnityEditor.WebGL.Extensions.dll
Register platform support module: C:/Program Files/Unity/Hub/Editor/2020.3.1f1/Editor/Data/PlaybackEngines/WindowsStandaloneSupport/UnityEditor.WindowsStandalone.Extensions.dll
Registered in 0.002397 seconds.
Native extension for WindowsStandalone target not found
Native extension for WebGL target not found
Refreshing native plugins compatible for Editor in 48.69 ms, found 0 plugins.
Preloading 0 native plugins for Editor in 0.00 ms.
Invoked RoslynAnalysisRunner static constructor.
RoslynAnalysisRunner will not be running.
RoslynAnalysisRunner has terminated.
Mono: successfully reloaded assembly
- Completed reload, in  1.274 seconds
Platform modules already initialized, skipping
Registering precompiled user dll's ...
Registered in 0.001313 seconds.
Begin MonoManager ReloadAssembly
Native extension for WindowsStandalone target not found
Native extension for WebGL target not found
Refreshing native plugins compatible for Editor in 50.68 ms, found 0 plugins.
Preloading 0 native plugins for Editor in 0.00 ms.
Invoked RoslynAnalysisRunner static constructor.
RoslynAnalysisRunner will not be running.
RoslynAnalysisRunner has terminated.
Mono: successfully reloaded assembly
- Completed reload, in  1.057 seconds
Platform modules already initialized, skipping
========================================================================
Worker process is ready to serve import requests
Shader 'Universal Render Pipeline/Particles/Lit': fallback shader 'Universal Render Pipeline/Particles/SimpleLit' not found
Launched and connected shader compiler UnityShaderCompiler.exe after 0.06 seconds
Refreshing native plugins compatible for Editor in 0.53 ms, found 0 plugins.
Preloading 0 native plugins for Editor in 0.00 ms.
Unloading 2403 Unused Serialized files (Serialized files now loaded: 0)
System memory in use before: 109.4 MB.
System memory in use after: 109.2 MB.

Unloading 12 unused Assets to reduce memory usage. Loaded Objects now: 2845.
Total: 2.624200 ms (FindLiveObjects: 0.332000 ms CreateObjectMapping: 0.072200 ms MarkObjects: 1.905000 ms  DeleteObjects: 0.313400 ms)

========================================================================
Received Import Request.
  path: Assets/Scenes/PoC Scene.unity
  artifactKey: Guid(d9ef8b85527a799488ad8b8c8070262d) Importer(815301076,1909f56bfc062723c751e8b465ee728b)
Start importing Assets/Scenes/PoC Scene.unity using Guid(d9ef8b85527a799488ad8b8c8070262d) Importer(815301076,1909f56bfc062723c751e8b465ee728b)  -> (artifact id: '177b573104d43e62f5e6478e1106c6f5') in 0.016616 seconds
  Import took 0.020374 seconds .

========================================================================
Received Prepare
Registering precompiled user dll's ...
Registered in 0.001017 seconds.
Begin MonoManager ReloadAssembly
Native extension for WindowsStandalone target not found
Native extension for WebGL target not found
Refreshing native plugins compatible for Editor in 0.45 ms, found 0 plugins.
Preloading 0 native plugins for Editor in 0.00 ms.
Invoked RoslynAnalysisRunner static constructor.
RoslynAnalysisRunner will not be running.
RoslynAnalysisRunner has terminated.
Mono: successfully reloaded assembly
- Completed reload, in  0.888 seconds
Platform modules already initialized, skipping
Shader 'Universal Render Pipeline/Particles/Lit': fallback shader 'Universal Render Pipeline/Particles/SimpleLit' not found
Refreshing native plugins compatible for Editor in 0.40 ms, found 0 plugins.
Preloading 0 native plugins for Editor in 0.00 ms.
Unloading 2356 Unused Serialized files (Serialized files now loaded: 0)
System memory in use before: 105.6 MB.
System memory in use after: 105.3 MB.

Unloading 9 unused Assets to reduce memory usage. Loaded Objects now: 2862.
Total: 2.915700 ms (FindLiveObjects: 0.307000 ms CreateObjectMapping: 0.065500 ms MarkObjects: 2.090300 ms  DeleteObjects: 0.450800 ms)

========================================================================
Received Prepare
Registering precompiled user dll's ...
Registered in 0.001342 seconds.
Begin MonoManager ReloadAssembly
Native extension for WindowsStandalone target not found
Native extension for WebGL target not found
Refreshing native plugins compatible for Editor in 0.43 ms, found 0 plugins.
Preloading 0 native plugins for Editor in 0.00 ms.
Invoked RoslynAnalysisRunner static constructor.
RoslynAnalysisRunner will not be running.
RoslynAnalysisRunner has terminated.
Mono: successfully reloaded assembly
- Completed reload, in  0.915 seconds
Platform modules already initialized, skipping
Shader 'Universal Render Pipeline/Particles/Lit': fallback shader 'Universal Render Pipeline/Particles/SimpleLit' not found
Refreshing native plugins compatible for Editor in 0.51 ms, found 0 plugins.
Preloading 0 native plugins for Editor in 0.00 ms.
Unloading 2356 Unused Serialized files (Serialized files now loaded: 0)
System memory in use before: 105.7 MB.
System memory in use after: 105.4 MB.

Unloading 9 unused Assets to reduce memory usage. Loaded Objects now: 2865.
Total: 3.179000 ms (FindLiveObjects: 0.321900 ms CreateObjectMapping: 0.070100 ms MarkObjects: 2.232700 ms  DeleteObjects: 0.553200 ms)

========================================================================
Received Prepare
Registering precompiled user dll's ...
Registered in 0.001035 seconds.
Begin MonoManager ReloadAssembly
Native extension for WindowsStandalone target not found
Native extension for WebGL target not found
Refreshing native plugins compatible for Editor in 0.41 ms, found 0 plugins.
Preloading 0 native plugins for Editor in 0.00 ms.
Invoked RoslynAnalysisRunner static constructor.
RoslynAnalysisRunner will not be running.
RoslynAnalysisRunner has terminated.
Mono: successfully reloaded assembly
- Completed reload, in  1.042 seconds
Platform modules already initialized, skipping
Shader 'Universal Render Pipeline/Particles/Lit': fallback shader 'Universal Render Pipeline/Particles/SimpleLit' not found
Refreshing native plugins compatible for Editor in 0.45 ms, found 0 plugins.
Preloading 0 native plugins for Editor in 0.00 ms.
Unloading 2356 Unused Serialized files (Serialized files now loaded: 0)
System memory in use before: 105.7 MB.
System memory in use after: 105.4 MB.

Unloading 9 unused Assets to reduce memory usage. Loaded Objects now: 2868.
Total: 3.233900 ms (FindLiveObjects: 0.470100 ms CreateObjectMapping: 0.114000 ms MarkObjects: 2.120000 ms  DeleteObjects: 0.527400 ms)

========================================================================
Received Prepare
Registering precompiled user dll's ...
Registered in 0.001028 seconds.
Begin MonoManager ReloadAssembly
Native extension for WindowsStandalone target not found
Native extension for WebGL target not found
Refreshing native plugins compatible for Editor in 0.45 ms, found 0 plugins.
Preloading 0 native plugins for Editor in 0.00 ms.
Invoked RoslynAnalysisRunner static constructor.
RoslynAnalysisRunner will not be running.
RoslynAnalysisRunner has terminated.
Mono: successfully reloaded assembly
- Completed reload, in  0.902 seconds
Platform modules already initialized, skipping
Shader 'Universal Render Pipeline/Particles/Lit': fallback shader 'Universal Render Pipeline/Particles/SimpleLit' not found
Refreshing native plugins compatible for Editor in 0.50 ms, found 0 plugins.
Preloading 0 native plugins for Editor in 0.00 ms.
Unloading 2356 Unused Serialized files (Serialized files now loaded: 0)
System memory in use before: 105.8 MB.
System memory in use after: 105.4 MB.

Unloading 9 unused Assets to reduce memory usage. Loaded Objects now: 2871.
Total: 3.408900 ms (FindLiveObjects: 0.378600 ms CreateObjectMapping: 0.103400 ms MarkObjects: 2.267800 ms  DeleteObjects: 0.657200 ms)

========================================================================
Received Prepare
Registering precompiled user dll's ...
Registered in 0.001048 seconds.
Begin MonoManager ReloadAssembly
Native extension for WindowsStandalone target not found
Native extension for WebGL target not found
Refreshing native plugins compatible for Editor in 0.42 ms, found 0 plugins.
Preloading 0 native plugins for Editor in 0.00 ms.
Invoked RoslynAnalysisRunner static constructor.
RoslynAnalysisRunner will not be running.
RoslynAnalysisRunner has terminated.
Mono: successfully reloaded assembly
- Completed reload, in  0.920 seconds
Platform modules already initialized, skipping
Shader 'Universal Render Pipeline/Particles/Lit': fallback shader 'Universal Render Pipeline/Particles/SimpleLit' not found
Refreshing native plugins compatible for Editor in 0.40 ms, found 0 plugins.
Preloading 0 native plugins for Editor in 0.00 ms.
Unloading 2356 Unused Serialized files (Serialized files now loaded: 0)
System memory in use before: 105.6 MB.
System memory in use after: 105.3 MB.

Unloading 9 unused Assets to reduce memory usage. Loaded Objects now: 2874.
Total: 3.041800 ms (FindLiveObjects: 0.366400 ms CreateObjectMapping: 0.071100 ms MarkObjects: 2.063900 ms  DeleteObjects: 0.538400 ms)

========================================================================
Received Import Request.
  Time since last request: 606.011410 seconds.
  path: Assets/PSXEffects/SampleTextures/Textures/building1.png
  artifactKey: Guid(436aec61cd828434b991392bc1915ac8) Importer(815301076,1909f56bfc062723c751e8b465ee728b)
Start importing Assets/PSXEffects/SampleTextures/Textures/building1.png using Guid(436aec61cd828434b991392bc1915ac8) Importer(815301076,1909f56bfc062723c751e8b465ee728b)  -> (artifact id: '4bd50e4261ed600fc557b2fa0aad2161') in 0.072987 seconds
  Import took 0.077022 seconds .

========================================================================
Received Import Request.
  Time since last request: 0.000214 seconds.
  path: Assets/PSXEffects/SampleTextures/Textures/rock_normal.png
  artifactKey: Guid(e275a95de56ac134cbecbfe9dfb96500) Importer(815301076,1909f56bfc062723c751e8b465ee728b)
Start importing Assets/PSXEffects/SampleTextures/Textures/rock_normal.png using Guid(e275a95de56ac134cbecbfe9dfb96500) Importer(815301076,1909f56bfc062723c751e8b465ee728b)  -> (artifact id: '356a38a3a7829c17e83b96ffceeff7bc') in 0.039096 seconds
  Import took 0.042674 seconds .

========================================================================
Received Import Request.
  Time since last request: 0.000255 seconds.
  path: Assets/CrunchedTextures/Monkey_diff_eye_tex1.jpg
  artifactKey: Guid(3885e92444a515a4f9fe288ceca77589) Importer(815301076,1909f56bfc062723c751e8b465ee728b)
Start importing Assets/CrunchedTextures/Monkey_diff_eye_tex1.jpg using Guid(3885e92444a515a4f9fe288ceca77589) Importer(815301076,1909f56bfc062723c751e8b465ee728b)  -> (artifact id: 'f96c79e427e79224a6f36009573bc8e3') in 0.023266 seconds
  Import took 0.027327 seconds .

========================================================================
Received Import Request.
  Time since last request: 0.000249 seconds.
  path: Assets/PSXEffects/SampleTextures/Textures/Flashlight.tif
  artifactKey: Guid(9d2a2c0162edf0d4896a460f857b11e8) Importer(815301076,1909f56bfc062723c751e8b465ee728b)
Start importing Assets/PSXEffects/SampleTextures/Textures/Flashlight.tif using Guid(9d2a2c0162edf0d4896a460f857b11e8) Importer(815301076,1909f56bfc062723c751e8b465ee728b)  -> (artifact id: 'df7386784240abe4e8045c2ad55db45c') in 0.019281 seconds
  Import took 0.022936 seconds .

========================================================================
Received Import Request.
  Time since last request: 0.000241 seconds.
  path: Assets/Mankeys_sushishop/Standard Assets/Characters/ThirdPersonCharacter/Textures/EthanNormals.png
  artifactKey: Guid(3b5b7be0f2332c24f89a2af018daa62d) Importer(815301076,1909f56bfc062723c751e8b465ee728b)
Start importing Assets/Mankeys_sushishop/Standard Assets/Characters/ThirdPersonCharacter/Textures/EthanNormals.png using Guid(3b5b7be0f2332c24f89a2af018daa62d) Importer(815301076,1909f56bfc062723c751e8b465ee728b)  -> (artifact id: 'e1d801c8ad8eb0645c61a5f799673f38') in 0.134360 seconds
  Import took 0.139398 seconds .

========================================================================
Received Import Request.
  Time since last request: 0.000213 seconds.
  path: Assets/Mankeys_sushishop/Skybox/dome1_left.png
  artifactKey: Guid(47ea6b8392eea4c4f8ab69cbe2d1cd3b) Importer(815301076,1909f56bfc062723c751e8b465ee728b)
Start importing Assets/Mankeys_sushishop/Skybox/dome1_left.png using Guid(47ea6b8392eea4c4f8ab69cbe2d1cd3b) Importer(815301076,1909f56bfc062723c751e8b465ee728b)  -> (artifact id: '2785b7d319636618e2ce5df923bdd052') in 0.012055 seconds
  Import took 0.015663 seconds .

========================================================================
Received Import Request.
  Time since last request: 0.000197 seconds.
  path: Assets/PSXEffects/SampleTextures/Textures/fence.png
  artifactKey: Guid(d6cd91b1223ec6d429d204dc0139898b) Importer(815301076,1909f56bfc062723c751e8b465ee728b)
Start importing Assets/PSXEffects/SampleTextures/Textures/fence.png using Guid(d6cd91b1223ec6d429d204dc0139898b) Importer(815301076,1909f56bfc062723c751e8b465ee728b)  -> (artifact id: 'a59d8710a922ac8e85e4c257b04a8f36') in 0.012528 seconds
  Import took 0.017264 seconds .

========================================================================
Received Import Request.
  Time since last request: 0.000219 seconds.
  path: Assets/PSXEffects/Textures/Dither8x8.png
  artifactKey: Guid(79b0fc6d8c2fcd54b84b49a2a2ebe7d8) Importer(815301076,1909f56bfc062723c751e8b465ee728b)
Start importing Assets/PSXEffects/Textures/Dither8x8.png using Guid(79b0fc6d8c2fcd54b84b49a2a2ebe7d8) Importer(815301076,1909f56bfc062723c751e8b465ee728b)  -> (artifact id: 'd1bb051ae8a4949e183de0ae1c8d4769') in 0.010991 seconds
  Import took 0.015415 seconds .

========================================================================
Received Import Request.
  Time since last request: 0.000277 seconds.
  path: Assets/PSXEffects/SampleTextures/Textures/Shadow.png
  artifactKey: Guid(ecd30ea434f0ebc448dd55a314f57642) Importer(815301076,1909f56bfc062723c751e8b465ee728b)
Start importing Assets/PSXEffects/SampleTextures/Textures/Shadow.png using Guid(ecd30ea434f0ebc448dd55a314f57642) Importer(815301076,1909f56bfc062723c751e8b465ee728b)  -> (artifact id: 'ff857a5c650e63e1c731fac9cba05b08') in 0.013742 seconds
  Import took 0.017880 seconds .

========================================================================
Received Import Request.
  Time since last request: 0.000207 seconds.
  path: Assets/PSXEffects/SampleTextures/Textures/light.png
  artifactKey: Guid(f4159f34dd8c1ac4ca6509d82a0ed051) Importer(815301076,1909f56bfc062723c751e8b465ee728b)
Start importing Assets/PSXEffects/SampleTextures/Textures/light.png using Guid(f4159f34dd8c1ac4ca6509d82a0ed051) Importer(815301076,1909f56bfc062723c751e8b465ee728b)  -> (artifact id: 'f35ac5c5307d08a71bf8b92d2b785100') in 0.009800 seconds
  Import took 0.013596 seconds .

========================================================================
Received Import Request.
  Time since last request: 0.000192 seconds.
  path: Assets/CrunchedTextures/Monkey_diff_texture0.png
  artifactKey: Guid(83b7438e485c99440b89f7ef4fa70e58) Importer(815301076,1909f56bfc062723c751e8b465ee728b)
Start importing Assets/CrunchedTextures/Monkey_diff_texture0.png using Guid(83b7438e485c99440b89f7ef4fa70e58) Importer(815301076,1909f56bfc062723c751e8b465ee728b)  -> (artifact id: 'cde1c46e64f7c9d4fb71eb042d456897') in 0.010458 seconds
  Import took 0.014845 seconds .

========================================================================
Received Import Request.
  Time since last request: 0.000271 seconds.
  path: Assets/PSXEffects/SampleTextures/Textures/mailbox.png
  artifactKey: Guid(a3fc9ded74ae3ff48bc84dfa950a302a) Importer(815301076,1909f56bfc062723c751e8b465ee728b)
Start importing Assets/PSXEffects/SampleTextures/Textures/mailbox.png using Guid(a3fc9ded74ae3ff48bc84dfa950a302a) Importer(815301076,1909f56bfc062723c751e8b465ee728b)  -> (artifact id: '4305d0921b69eb1b9939394c85f735ff') in 0.009651 seconds
  Import took 0.013248 seconds .

========================================================================
Received Import Request.
  Time since last request: 0.000257 seconds.
  path: Assets/Mankeys_sushishop/textures/UI_Logo_monkeys.png
  artifactKey: Guid(9290a66c7e7edf245b9e101087d2692c) Importer(815301076,1909f56bfc062723c751e8b465ee728b)
Start importing Assets/Mankeys_sushishop/textures/UI_Logo_monkeys.png using Guid(9290a66c7e7edf245b9e101087d2692c) Importer(815301076,1909f56bfc062723c751e8b465ee728b)  -> (artifact id: 'f27871bf8ae6d8a61372630947bfbf00') in 0.027892 seconds
  Import took 0.031564 seconds .

========================================================================
Received Import Request.
  Time since last request: 0.000215 seconds.
  path: Assets/Mankeys_sushishop/textures/Monkey_diff_eye_tex1.jpg
  artifactKey: Guid(64efa95b7a14e7a4ebad7595318db6db) Importer(815301076,1909f56bfc062723c751e8b465ee728b)
Start importing Assets/Mankeys_sushishop/textures/Monkey_diff_eye_tex1.jpg using Guid(64efa95b7a14e7a4ebad7595318db6db) Importer(815301076,1909f56bfc062723c751e8b465ee728b)  -> (artifact id: '993dbe779e9433ce2c45ac1366df33bf') in 0.005652 seconds
  Import took 0.009204 seconds .

========================================================================
Received Import Request.
  Time since last request: 0.000300 seconds.
  path: Assets/PSXEffects/SampleTextures/Textures/grid.png
  artifactKey: Guid(2f06bb9feceecc54d9157a8be0ba6979) Importer(815301076,1909f56bfc062723c751e8b465ee728b)
Start importing Assets/PSXEffects/SampleTextures/Textures/grid.png using Guid(2f06bb9feceecc54d9157a8be0ba6979) Importer(815301076,1909f56bfc062723c751e8b465ee728b)  -> (artifact id: 'deba9fcc328dbbf4cca234cb4734024a') in 0.009661 seconds
  Import took 0.013268 seconds .

========================================================================
Received Import Request.
  Time since last request: 0.000212 seconds.
  path: Assets/PSXEffects/SampleTextures/Textures/grid_small.png
  artifactKey: Guid(9cf3d13146eac7f488bd96a0e27fc9d7) Importer(815301076,1909f56bfc062723c751e8b465ee728b)
Start importing Assets/PSXEffects/SampleTextures/Textures/grid_small.png using Guid(9cf3d13146eac7f488bd96a0e27fc9d7) Importer(815301076,1909f56bfc062723c751e8b465ee728b)  -> (artifact id: '1f365e28bea58be7f28a52e260f12cd8') in 0.009465 seconds
  Import took 0.013429 seconds .

========================================================================
Received Import Request.
  Time since last request: 0.000215 seconds.
  path: Assets/PSXEffects/SampleTextures/Textures/building1.png
  artifactKey: Guid(436aec61cd828434b991392bc1915ac8) Importer(815301076,1909f56bfc062723c751e8b465ee728b)
Start importing Assets/PSXEffects/SampleTextures/Textures/building1.png using Guid(436aec61cd828434b991392bc1915ac8) Importer(815301076,1909f56bfc062723c751e8b465ee728b)  -> (artifact id: '4bd50e4261ed600fc557b2fa0aad2161') in 0.011205 seconds
  Import took 0.015064 seconds .

========================================================================
Received Import Request.
  Time since last request: 0.000217 seconds.
  path: Assets/PSXEffects/SampleTextures/Textures/grid_emission.png
  artifactKey: Guid(18b195fdad06c984e94a55981b44291a) Importer(815301076,1909f56bfc062723c751e8b465ee728b)
Start importing Assets/PSXEffects/SampleTextures/Textures/grid_emission.png using Guid(18b195fdad06c984e94a55981b44291a) Importer(815301076,1909f56bfc062723c751e8b465ee728b)  -> (artifact id: '679881dc30aaf9bc82f3561b741c5446') in 0.009976 seconds
  Import took 0.014492 seconds .

========================================================================
Received Import Request.
  Time since last request: 0.000261 seconds.
  path: Assets/PSXEffects/Textures/Dither3x3.png
  artifactKey: Guid(261916e55e150444ab78c3af457c120e) Importer(815301076,1909f56bfc062723c751e8b465ee728b)
Start importing Assets/PSXEffects/Textures/Dither3x3.png using Guid(261916e55e150444ab78c3af457c120e) Importer(815301076,1909f56bfc062723c751e8b465ee728b)  -> (artifact id: '236f63c53b07bced03563e3cd199aeef') in 0.009137 seconds
  Import took 0.013406 seconds .

========================================================================
Received Import Request.
  Time since last request: 0.000265 seconds.
  path: Assets/PSXEffects/SampleTextures/Textures/leaves_full.png
  artifactKey: Guid(48a7d63066316c64dba519ed26ddf566) Importer(815301076,1909f56bfc062723c751e8b465ee728b)
Start importing Assets/PSXEffects/SampleTextures/Textures/leaves_full.png using Guid(48a7d63066316c64dba519ed26ddf566) Importer(815301076,1909f56bfc062723c751e8b465ee728b)  -> (artifact id: '5ee8555663d94c3154f4cc152a958e08') in 0.009005 seconds
  Import took 0.012697 seconds .

========================================================================
Received Import Request.
  Time since last request: 0.000253 seconds.
  path: Assets/PSXEffects/Textures/Dither4x4.png
  artifactKey: Guid(8dd5bb07501448a4e9631457f7f63a13) Importer(815301076,1909f56bfc062723c751e8b465ee728b)
Start importing Assets/PSXEffects/Textures/Dither4x4.png using Guid(8dd5bb07501448a4e9631457f7f63a13) Importer(815301076,1909f56bfc062723c751e8b465ee728b)  -> (artifact id: 'fe2a3a1cc2a756f85f037eb310deae86') in 0.009601 seconds
  Import took 0.013625 seconds .

========================================================================
Received Import Request.
  Time since last request: 0.000266 seconds.
  path: Assets/CrunchedTextures/Monkey_diff_tex_asym.png
  artifactKey: Guid(8fb758a8f13c1a04da60e77ad546d41f) Importer(815301076,1909f56bfc062723c751e8b465ee728b)
Start importing Assets/CrunchedTextures/Monkey_diff_tex_asym.png using Guid(8fb758a8f13c1a04da60e77ad546d41f) Importer(815301076,1909f56bfc062723c751e8b465ee728b)  -> (artifact id: '80c7e73def93377fe34d97f76fbd6bc5') in 0.013491 seconds
  Import took 0.017182 seconds .

========================================================================
Received Import Request.
  Time since last request: 0.000254 seconds.
  path: Assets/PSXEffects/SampleTextures/Textures/leaves_gradient.png
  artifactKey: Guid(19454b22307d0f747bc1954268a955f0) Importer(815301076,1909f56bfc062723c751e8b465ee728b)
Start importing Assets/PSXEffects/SampleTextures/Textures/leaves_gradient.png using Guid(19454b22307d0f747bc1954268a955f0) Importer(815301076,1909f56bfc062723c751e8b465ee728b)  -> (artifact id: '2036fa3e910abc7cd71a8646a7eda26e') in 0.009194 seconds
  Import took 0.012917 seconds .

========================================================================
Received Import Request.
  Time since last request: 0.000250 seconds.
  path: Assets/PSXEffects/Editor/icon.png
  artifactKey: Guid(05a719c652f63344d80aa0dcc6390b85) Importer(815301076,1909f56bfc062723c751e8b465ee728b)
Start importing Assets/PSXEffects/Editor/icon.png using Guid(05a719c652f63344d80aa0dcc6390b85) Importer(815301076,1909f56bfc062723c751e8b465ee728b)  -> (artifact id: '8f28abb740183e208e2f8f9902605739') in 0.012805 seconds
  Import took 0.016408 seconds .

========================================================================
Received Import Request.
  Time since last request: 0.000320 seconds.
  path: Assets/Mankeys_sushishop/textures/UI_Controls.png
  artifactKey: Guid(98843fb5a21c55a4cb191630056f273d) Importer(815301076,1909f56bfc062723c751e8b465ee728b)
Start importing Assets/Mankeys_sushishop/textures/UI_Controls.png using Guid(98843fb5a21c55a4cb191630056f273d) Importer(815301076,1909f56bfc062723c751e8b465ee728b)  -> (artifact id: '01a5c11ffce037116361bd2b0e1c811f') in 0.018323 seconds
  Import took 0.022411 seconds .

========================================================================
Received Import Request.
  Time since last request: 0.000236 seconds.
  path: Assets/Mankeys_sushishop/textures/Monkey_diff_texture0.png
  artifactKey: Guid(fb2be11e70654f844a3d59bde30435ba) Importer(815301076,1909f56bfc062723c751e8b465ee728b)
Start importing Assets/Mankeys_sushishop/textures/Monkey_diff_texture0.png using Guid(fb2be11e70654f844a3d59bde30435ba) Importer(815301076,1909f56bfc062723c751e8b465ee728b)  -> (artifact id: '6eca9a2dcd2988706fe5f8eb09c72aed') in 0.010155 seconds
  Import took 0.013546 seconds .

========================================================================
Received Import Request.
  Time since last request: 0.000230 seconds.
  path: Assets/PSXEffects/Textures/Dither2x2.png
  artifactKey: Guid(818b09ef5da502e40a52c29ab3d1221d) Importer(815301076,1909f56bfc062723c751e8b465ee728b)
Start importing Assets/PSXEffects/Textures/Dither2x2.png using Guid(818b09ef5da502e40a52c29ab3d1221d) Importer(815301076,1909f56bfc062723c751e8b465ee728b)  -> (artifact id: '5f9813483efcbad899337595870b7c63') in 0.011001 seconds
  Import took 0.014471 seconds .

========================================================================
Received Import Request.
  Time since last request: 0.000232 seconds.
  path: Assets/PSXEffects/SampleTextures/Textures/sidewalk.png
  artifactKey: Guid(335d3aa9de740c44bbbb41e99c44c3c8) Importer(815301076,1909f56bfc062723c751e8b465ee728b)
Start importing Assets/PSXEffects/SampleTextures/Textures/sidewalk.png using Guid(335d3aa9de740c44bbbb41e99c44c3c8) Importer(815301076,1909f56bfc062723c751e8b465ee728b)  -> (artifact id: 'b85dfbf73d949e3c17aad1730128563b') in 0.012094 seconds
  Import took 0.015872 seconds .

========================================================================
Received Import Request.
  Time since last request: 0.000199 seconds.
  path: Assets/Mankeys_sushishop/Skybox/dome1_right.png
  artifactKey: Guid(69fd5cc1b2fd855448481416474bad6b) Importer(815301076,1909f56bfc062723c751e8b465ee728b)
Start importing Assets/Mankeys_sushishop/Skybox/dome1_right.png using Guid(69fd5cc1b2fd855448481416474bad6b) Importer(815301076,1909f56bfc062723c751e8b465ee728b)  -> (artifact id: 'b87e3baf177f3ffa0e9f6d340e238de6') in 0.012045 seconds
  Import took 0.015867 seconds .

========================================================================
Received Import Request.
  Time since last request: 0.000275 seconds.
  path: Assets/Mankeys_sushishop/Standard Assets/Effects/ToonShading/Textures/UtilToonGradient.png
  artifactKey: Guid(4a056241e2722dc46a7262a8e7073fd9) Importer(815301076,1909f56bfc062723c751e8b465ee728b)
Start importing Assets/Mankeys_sushishop/Standard Assets/Effects/ToonShading/Textures/UtilToonGradient.png using Guid(4a056241e2722dc46a7262a8e7073fd9) Importer(815301076,1909f56bfc062723c751e8b465ee728b)  -> (artifact id: 'cb347408ce80e22fee71ffcf4e534c96') in 0.010938 seconds
  Import took 0.014611 seconds .

========================================================================
Received Import Request.
  Time since last request: 0.000206 seconds.
  path: Assets/PSXEffects/SampleTextures/Materials/Cubemap.cubemap
  artifactKey: Guid(e794795176816674bb26b7a56095b8ea) Importer(815301076,1909f56bfc062723c751e8b465ee728b)
Start importing Assets/PSXEffects/SampleTextures/Materials/Cubemap.cubemap using Guid(e794795176816674bb26b7a56095b8ea) Importer(815301076,1909f56bfc062723c751e8b465ee728b)  -> (artifact id: '8c984e084955dbb98ec1f7de98e6651c') in 0.038834 seconds
  Import took 0.042198 seconds .

========================================================================
Received Import Request.
  Time since last request: 0.000348 seconds.
  path: Assets/PSXEffects/SampleTextures/Textures/rock.png
  artifactKey: Guid(0bd79f5a34f7dfc41957ff2c934f825b) Importer(815301076,1909f56bfc062723c751e8b465ee728b)
Start importing Assets/PSXEffects/SampleTextures/Textures/rock.png using Guid(0bd79f5a34f7dfc41957ff2c934f825b) Importer(815301076,1909f56bfc062723c751e8b465ee728b)  -> (artifact id: '3e45c009e466c0da93eee5f5d45c7966') in 0.011454 seconds
  Import took 0.015294 seconds .

========================================================================
Received Import Request.
  Time since last request: 0.000292 seconds.
  path: Assets/PSXEffects/SampleTextures/Textures/dirt.png
  artifactKey: Guid(03e46fe72f973d5438b898ce5accc48a) Importer(815301076,1909f56bfc062723c751e8b465ee728b)
Start importing Assets/PSXEffects/SampleTextures/Textures/dirt.png using Guid(03e46fe72f973d5438b898ce5accc48a) Importer(815301076,1909f56bfc062723c751e8b465ee728b)  -> (artifact id: 'a4e1da9108f07dc7e712ff4cf833b0a2') in 0.013137 seconds
  Import took 0.017237 seconds .

========================================================================
Received Import Request.
  Time since last request: 0.000239 seconds.
  path: Assets/PSXEffects/SampleTextures/Textures/progressLogo.Dark.png
  artifactKey: Guid(db9b1f532eb07a949a532b6c885f23ee) Importer(815301076,1909f56bfc062723c751e8b465ee728b)
Start importing Assets/PSXEffects/SampleTextures/Textures/progressLogo.Dark.png using Guid(db9b1f532eb07a949a532b6c885f23ee) Importer(815301076,1909f56bfc062723c751e8b465ee728b)  -> (artifact id: '05b6e2b329089f8e82da06804bd79770') in 0.014355 seconds
  Import took 0.018042 seconds .

========================================================================
Received Import Request.
  Time since last request: 0.000265 seconds.
  path: Assets/Mankeys_sushishop/Skybox/dome1_front.png
  artifactKey: Guid(1cd36267fbc857143883fff5fac0cc17) Importer(815301076,1909f56bfc062723c751e8b465ee728b)
Start importing Assets/Mankeys_sushishop/Skybox/dome1_front.png using Guid(1cd36267fbc857143883fff5fac0cc17) Importer(815301076,1909f56bfc062723c751e8b465ee728b)  -> (artifact id: '538f9ea0c21456bcecd4bde582a8b0a2') in 0.011629 seconds
  Import took 0.015567 seconds .

========================================================================
Received Import Request.
  Time since last request: 0.000209 seconds.
  path: Assets/PSXEffects/SampleTextures/Textures/grass.png
  artifactKey: Guid(b0552bf86a05ed44b9d7e00bec87034d) Importer(815301076,1909f56bfc062723c751e8b465ee728b)
Start importing Assets/PSXEffects/SampleTextures/Textures/grass.png using Guid(b0552bf86a05ed44b9d7e00bec87034d) Importer(815301076,1909f56bfc062723c751e8b465ee728b)  -> (artifact id: 'da714e5b1dc34b5613d480056f02192b') in 0.010558 seconds
  Import took 0.014225 seconds .

========================================================================
Received Import Request.
  Time since last request: 0.000283 seconds.
  path: Assets/Mankeys_sushishop/textures/Monkey_diff_tex_asym.png
  artifactKey: Guid(d4e4f148fcbcfd2438a0564b5f98d577) Importer(815301076,1909f56bfc062723c751e8b465ee728b)
Start importing Assets/Mankeys_sushishop/textures/Monkey_diff_tex_asym.png using Guid(d4e4f148fcbcfd2438a0564b5f98d577) Importer(815301076,1909f56bfc062723c751e8b465ee728b)  -> (artifact id: '2596fec777ce0934da9632782a0b1f01') in 0.012652 seconds
  Import took 0.016397 seconds .

========================================================================
Received Import Request.
  Time since last request: 0.000254 seconds.
  path: Assets/PSXEffects/SampleTextures/Textures/grid_metal.png
  artifactKey: Guid(bd3486a215323c344919a1d702ca1a49) Importer(815301076,1909f56bfc062723c751e8b465ee728b)
Start importing Assets/PSXEffects/SampleTextures/Textures/grid_metal.png using Guid(bd3486a215323c344919a1d702ca1a49) Importer(815301076,1909f56bfc062723c751e8b465ee728b)  -> (artifact id: '20c6bbead9841fe4dae5360be540a7f3') in 0.010938 seconds
  Import took 0.015336 seconds .

========================================================================
Received Import Request.
  Time since last request: 0.000214 seconds.
  path: Assets/Mankeys_sushishop/Standard Assets/Effects/ToonShading/Textures/ToonLit.psd
  artifactKey: Guid(b995d4bd9d11078d11005b9844295342) Importer(815301076,1909f56bfc062723c751e8b465ee728b)
Start importing Assets/Mankeys_sushishop/Standard Assets/Effects/ToonShading/Textures/ToonLit.psd using Guid(b995d4bd9d11078d11005b9844295342) Importer(815301076,1909f56bfc062723c751e8b465ee728b)  -> (artifact id: '39dbe0fe9bf80e4c93c77b7d7286adec') in 0.017661 seconds
  Import took 0.021395 seconds .

========================================================================
Received Import Request.
  Time since last request: 0.000245 seconds.
  path: Assets/PSXEffects/Textures/transparency.png
  artifactKey: Guid(13cefdee7d27a3145abc5f6da7f7d0f9) Importer(815301076,1909f56bfc062723c751e8b465ee728b)
Start importing Assets/PSXEffects/Textures/transparency.png using Guid(13cefdee7d27a3145abc5f6da7f7d0f9) Importer(815301076,1909f56bfc062723c751e8b465ee728b)  -> (artifact id: '3b1fc29963bea044d12bee3e2caed08a') in 0.010373 seconds
  Import took 0.014242 seconds .

========================================================================
Received Import Request.
  Time since last request: 0.000236 seconds.
  path: Assets/PSXEffects/SampleTextures/Textures/leaves_gradient_big.png
  artifactKey: Guid(7e7e5622e9cafb44c9a9973f9e1fe5e3) Importer(815301076,1909f56bfc062723c751e8b465ee728b)
Start importing Assets/PSXEffects/SampleTextures/Textures/leaves_gradient_big.png using Guid(7e7e5622e9cafb44c9a9973f9e1fe5e3) Importer(815301076,1909f56bfc062723c751e8b465ee728b)  -> (artifact id: '8aefbe7469c3ae4d6056704f696cce8d') in 0.009861 seconds
  Import took 0.013570 seconds .

========================================================================
Received Import Request.
  Time since last request: 0.000316 seconds.
  path: Assets/Mankeys_sushishop/Standard Assets/Characters/ThirdPersonCharacter/Textures/EthanOcclusion.png
  artifactKey: Guid(4e2f32e9a1fefc24092337ae061f3dbc) Importer(815301076,1909f56bfc062723c751e8b465ee728b)
Start importing Assets/Mankeys_sushishop/Standard Assets/Characters/ThirdPersonCharacter/Textures/EthanOcclusion.png using Guid(4e2f32e9a1fefc24092337ae061f3dbc) Importer(815301076,1909f56bfc062723c751e8b465ee728b)  -> (artifact id: '36d1b6333164c64023ae9e97c63310c2') in 0.053275 seconds
  Import took 0.057058 seconds .

========================================================================
Received Import Request.
  Time since last request: 0.000246 seconds.
  path: Assets/Mankeys_sushishop/Skybox/dome1_back.png
  artifactKey: Guid(0d49f6f98356be5419912a6358687062) Importer(815301076,1909f56bfc062723c751e8b465ee728b)
Start importing Assets/Mankeys_sushishop/Skybox/dome1_back.png using Guid(0d49f6f98356be5419912a6358687062) Importer(815301076,1909f56bfc062723c751e8b465ee728b)  -> (artifact id: 'a338a4c9d903011791a540ecf5f3e0e9') in 0.012202 seconds
  Import took 0.015756 seconds .

========================================================================
Received Import Request.
  Time since last request: 0.000201 seconds.
  path: Assets/Mankeys_sushishop/Skybox/dome1_up.png
  artifactKey: Guid(46a5364eb65102340bba81afccc125e3) Importer(815301076,1909f56bfc062723c751e8b465ee728b)
Start importing Assets/Mankeys_sushishop/Skybox/dome1_up.png using Guid(46a5364eb65102340bba81afccc125e3) Importer(815301076,1909f56bfc062723c751e8b465ee728b)  -> (artifact id: '0ac8c7deec4cc9c9ebf99c8f1881befc') in 0.012586 seconds
  Import took 0.016389 seconds .

========================================================================
Received Import Request.
  Time since last request: 0.000228 seconds.
  path: Assets/Mankeys_sushishop/textures/UI_Controls2.png
  artifactKey: Guid(c363c2cdc921d6240b20825a768ad305) Importer(815301076,1909f56bfc062723c751e8b465ee728b)
Start importing Assets/Mankeys_sushishop/textures/UI_Controls2.png using Guid(c363c2cdc921d6240b20825a768ad305) Importer(815301076,1909f56bfc062723c751e8b465ee728b)  -> (artifact id: '33d8f8ccb3f03b0f265eb51c374924f4') in 0.014454 seconds
  Import took 0.018120 seconds .

========================================================================
Received Prepare
Registering precompiled user dll's ...
Registered in 0.001077 seconds.
Begin MonoManager ReloadAssembly
Native extension for WindowsStandalone target not found
Native extension for WebGL target not found
Refreshing native plugins compatible for Editor in 0.47 ms, found 0 plugins.
Preloading 0 native plugins for Editor in 0.00 ms.
Invoked RoslynAnalysisRunner static constructor.
RoslynAnalysisRunner will not be running.
RoslynAnalysisRunner has terminated.
Mono: successfully reloaded assembly
- Completed reload, in  0.917 seconds
Platform modules already initialized, skipping
Shader 'Universal Render Pipeline/Particles/Lit': fallback shader 'Universal Render Pipeline/Particles/SimpleLit' not found
Refreshing native plugins compatible for Editor in 0.40 ms, found 0 plugins.
Preloading 0 native plugins for Editor in 0.00 ms.
Unloading 2356 Unused Serialized files (Serialized files now loaded: 0)
System memory in use before: 109.1 MB.
System memory in use after: 108.8 MB.

Unloading 9 unused Assets to reduce memory usage. Loaded Objects now: 2927.
Total: 3.100300 ms (FindLiveObjects: 0.346500 ms CreateObjectMapping: 0.072100 ms MarkObjects: 2.242800 ms  DeleteObjects: 0.437400 ms)

========================================================================
Received Import Request.
  Time since last request: 53.730663 seconds.
  path: Assets/CrunchedTextures/Monkey_diff_tex_asym.png
  artifactKey: Guid(8fb758a8f13c1a04da60e77ad546d41f) Importer(815301076,1909f56bfc062723c751e8b465ee728b)
Start importing Assets/CrunchedTextures/Monkey_diff_tex_asym.png using Guid(8fb758a8f13c1a04da60e77ad546d41f) Importer(815301076,1909f56bfc062723c751e8b465ee728b)  -> (artifact id: '34b79d1d0f68e8515883d8f687daebde') in 0.045369 seconds
  Import took 0.050155 seconds .

========================================================================
Received Import Request.
  Time since last request: 101.670898 seconds.
  path: Assets/CrunchedTextures/Monkey_diff_eye_tex1.jpg
  artifactKey: Guid(3885e92444a515a4f9fe288ceca77589) Importer(815301076,1909f56bfc062723c751e8b465ee728b)
Start importing Assets/CrunchedTextures/Monkey_diff_eye_tex1.jpg using Guid(3885e92444a515a4f9fe288ceca77589) Importer(815301076,1909f56bfc062723c751e8b465ee728b)  -> (artifact id: '69ff38fb19bef62eb4cf193bb307d458') in 0.011659 seconds
  Import took 0.015438 seconds .

========================================================================
Received Import Request.
  Time since last request: 23.094541 seconds.
  path: Assets/CrunchedTextures/Monkey_diff_eye_tex1.jpg
  artifactKey: Guid(3885e92444a515a4f9fe288ceca77589) Importer(815301076,1909f56bfc062723c751e8b465ee728b)
Start importing Assets/CrunchedTextures/Monkey_diff_eye_tex1.jpg using Guid(3885e92444a515a4f9fe288ceca77589) Importer(815301076,1909f56bfc062723c751e8b465ee728b)  -> (artifact id: 'e9a88df497b211099e285a192b5cfc02') in 0.010383 seconds
  Import took 0.014393 seconds .

========================================================================
Received Import Request.
  Time since last request: 0.019121 seconds.
  path: Assets/CrunchedTextures/Monkey_diff_eye_tex1.jpg
  artifactKey: Guid(3885e92444a515a4f9fe288ceca77589) Importer(815301076,1909f56bfc062723c751e8b465ee728b)
Start importing Assets/CrunchedTextures/Monkey_diff_eye_tex1.jpg using Guid(3885e92444a515a4f9fe288ceca77589) Importer(815301076,1909f56bfc062723c751e8b465ee728b)  -> (artifact id: 'e9a88df497b211099e285a192b5cfc02') in 0.005999 seconds
  Import took 0.009721 seconds .

========================================================================
Received Prepare
Registering precompiled user dll's ...
Registered in 0.001376 seconds.
Begin MonoManager ReloadAssembly
Native extension for WindowsStandalone target not found
Native extension for WebGL target not found
Refreshing native plugins compatible for Editor in 0.54 ms, found 0 plugins.
Preloading 0 native plugins for Editor in 0.00 ms.
Invoked RoslynAnalysisRunner static constructor.
RoslynAnalysisRunner will not be running.
RoslynAnalysisRunner has terminated.
Mono: successfully reloaded assembly
- Completed reload, in  0.907 seconds
Platform modules already initialized, skipping
Shader 'Universal Render Pipeline/Particles/Lit': fallback shader 'Universal Render Pipeline/Particles/SimpleLit' not found
Refreshing native plugins compatible for Editor in 0.41 ms, found 0 plugins.
Preloading 0 native plugins for Editor in 0.00 ms.
Unloading 2356 Unused Serialized files (Serialized files now loaded: 0)
System memory in use before: 109.2 MB.
System memory in use after: 108.8 MB.

Unloading 9 unused Assets to reduce memory usage. Loaded Objects now: 2930.
Total: 3.243600 ms (FindLiveObjects: 0.400200 ms CreateObjectMapping: 0.082300 ms MarkObjects: 2.226500 ms  DeleteObjects: 0.533100 ms)

========================================================================
Received Prepare
Registering precompiled user dll's ...
Registered in 0.001050 seconds.
Begin MonoManager ReloadAssembly
Native extension for WindowsStandalone target not found
Native extension for WebGL target not found
Refreshing native plugins compatible for Editor in 0.47 ms, found 0 plugins.
Preloading 0 native plugins for Editor in 0.00 ms.
Invoked RoslynAnalysisRunner static constructor.
RoslynAnalysisRunner will not be running.
RoslynAnalysisRunner has terminated.
Mono: successfully reloaded assembly
- Completed reload, in  0.902 seconds
Platform modules already initialized, skipping
Shader 'Universal Render Pipeline/Particles/Lit': fallback shader 'Universal Render Pipeline/Particles/SimpleLit' not found
Refreshing native plugins compatible for Editor in 0.43 ms, found 0 plugins.
Preloading 0 native plugins for Editor in 0.00 ms.
Unloading 2356 Unused Serialized files (Serialized files now loaded: 0)
System memory in use before: 109.2 MB.
System memory in use after: 108.8 MB.

Unloading 9 unused Assets to reduce memory usage. Loaded Objects now: 2933.
Total: 3.170500 ms (FindLiveObjects: 0.349400 ms CreateObjectMapping: 0.071800 ms MarkObjects: 2.211900 ms  DeleteObjects: 0.535400 ms)

========================================================================
Received Prepare
Registering precompiled user dll's ...
Registered in 0.001032 seconds.
Begin MonoManager ReloadAssembly
Native extension for WindowsStandalone target not found
Native extension for WebGL target not found
Refreshing native plugins compatible for Editor in 0.43 ms, found 0 plugins.
Preloading 0 native plugins for Editor in 0.00 ms.
Invoked RoslynAnalysisRunner static constructor.
RoslynAnalysisRunner will not be running.
RoslynAnalysisRunner has terminated.
Mono: successfully reloaded assembly
- Completed reload, in  0.980 seconds
Platform modules already initialized, skipping
Shader 'Universal Render Pipeline/Particles/Lit': fallback shader 'Universal Render Pipeline/Particles/SimpleLit' not found
Refreshing native plugins compatible for Editor in 0.45 ms, found 0 plugins.
Preloading 0 native plugins for Editor in 0.00 ms.
Unloading 2356 Unused Serialized files (Serialized files now loaded: 0)
System memory in use before: 109.2 MB.
System memory in use after: 108.8 MB.

Unloading 9 unused Assets to reduce memory usage. Loaded Objects now: 2936.
Total: 3.412000 ms (FindLiveObjects: 0.359200 ms CreateObjectMapping: 0.088500 ms MarkObjects: 2.253900 ms  DeleteObjects: 0.709000 ms)

========================================================================
Received Prepare
Registering precompiled user dll's ...
Registered in 0.001097 seconds.
Begin MonoManager ReloadAssembly
Native extension for WindowsStandalone target not found
Native extension for WebGL target not found
Refreshing native plugins compatible for Editor in 0.76 ms, found 0 plugins.
Preloading 0 native plugins for Editor in 0.00 ms.
Invoked RoslynAnalysisRunner static constructor.
RoslynAnalysisRunner will not be running.
RoslynAnalysisRunner has terminated.
Mono: successfully reloaded assembly
- Completed reload, in  0.985 seconds
Platform modules already initialized, skipping
Shader 'Universal Render Pipeline/Particles/Lit': fallback shader 'Universal Render Pipeline/Particles/SimpleLit' not found
Refreshing native plugins compatible for Editor in 0.80 ms, found 0 plugins.
Preloading 0 native plugins for Editor in 0.00 ms.
Unloading 2356 Unused Serialized files (Serialized files now loaded: 0)
System memory in use before: 109.1 MB.
System memory in use after: 108.8 MB.

Unloading 9 unused Assets to reduce memory usage. Loaded Objects now: 2939.
Total: 3.634900 ms (FindLiveObjects: 0.374500 ms CreateObjectMapping: 0.098600 ms MarkObjects: 2.567600 ms  DeleteObjects: 0.592600 ms)

========================================================================
Received Prepare
Registering precompiled user dll's ...
Registered in 0.001051 seconds.
Begin MonoManager ReloadAssembly
Native extension for WindowsStandalone target not found
Native extension for WebGL target not found
Refreshing native plugins compatible for Editor in 0.45 ms, found 0 plugins.
Preloading 0 native plugins for Editor in 0.00 ms.
Invoked RoslynAnalysisRunner static constructor.
RoslynAnalysisRunner will not be running.
RoslynAnalysisRunner has terminated.
Mono: successfully reloaded assembly
- Completed reload, in  0.905 seconds
Platform modules already initialized, skipping
Shader 'Universal Render Pipeline/Particles/Lit': fallback shader 'Universal Render Pipeline/Particles/SimpleLit' not found
Refreshing native plugins compatible for Editor in 0.42 ms, found 0 plugins.
Preloading 0 native plugins for Editor in 0.00 ms.
Unloading 2356 Unused Serialized files (Serialized files now loaded: 0)
System memory in use before: 109.2 MB.
System memory in use after: 108.9 MB.

Unloading 9 unused Assets to reduce memory usage. Loaded Objects now: 2942.
Total: 3.125700 ms (FindLiveObjects: 0.357100 ms CreateObjectMapping: 0.072800 ms MarkObjects: 2.129200 ms  DeleteObjects: 0.565200 ms)

========================================================================
Received Import Request.
  Time since last request: 285.745167 seconds.
  path: Assets/PSXEffects/Textures
  artifactKey: Guid(4207e73e6468911428867d621ee4abec) Importer(815301076,1909f56bfc062723c751e8b465ee728b)
Start importing Assets/PSXEffects/Textures using Guid(4207e73e6468911428867d621ee4abec) Importer(815301076,1909f56bfc062723c751e8b465ee728b)  -> (artifact id: '5b76803054f3a5492b0c7904d9c80371') in 0.011305 seconds
  Import took 0.015145 seconds .

========================================================================
Received Import Request.
  Time since last request: 9.354443 seconds.
  path: Assets/PSXEffects/SampleTextures/Textures
  artifactKey: Guid(636b49cfd6ca82042a60ae73f9308a7d) Importer(815301076,1909f56bfc062723c751e8b465ee728b)
Start importing Assets/PSXEffects/SampleTextures/Textures using Guid(636b49cfd6ca82042a60ae73f9308a7d) Importer(815301076,1909f56bfc062723c751e8b465ee728b)  -> (artifact id: 'ffcf2be16e1c157ed077c27de2f0492f') in 0.002008 seconds
  Import took 0.005885 seconds .

========================================================================
Received Import Request.
  Time since last request: 23.895343 seconds.
  path: Assets
  artifactKey: Guid(00000000000000001000000000000000) Importer(815301076,1909f56bfc062723c751e8b465ee728b)
Start importing Assets using Guid(00000000000000001000000000000000) Importer(815301076,1909f56bfc062723c751e8b465ee728b)  -> (artifact id: 'a6374019befeac6ce670f13ba9960efb') in 0.007270 seconds
  Import took 0.011007 seconds .

========================================================================
Received Import Request.
  Time since last request: 2.706746 seconds.
  path: Assets/CrunchedTextures
  artifactKey: Guid(1bd56ebc5b65e394f9527050d487c3f1) Importer(815301076,1909f56bfc062723c751e8b465ee728b)
Start importing Assets/CrunchedTextures using Guid(1bd56ebc5b65e394f9527050d487c3f1) Importer(815301076,1909f56bfc062723c751e8b465ee728b)  -> (artifact id: 'bc5d7a94f6e70190165fd4950d3fc716') in 0.006354 seconds
  Import took 0.009949 seconds .

========================================================================
Received Import Request.
  Time since last request: 17.307490 seconds.
  path: Assets/Materials
  artifactKey: Guid(7bca724cbe7e5794b9bb821b3c36224a) Importer(815301076,1909f56bfc062723c751e8b465ee728b)
Start importing Assets/Materials using Guid(7bca724cbe7e5794b9bb821b3c36224a) Importer(815301076,1909f56bfc062723c751e8b465ee728b)  -> (artifact id: 'cdb733b38035578b4ac9c98c232e4e01') in 0.006279 seconds
  Import took 0.009982 seconds .

========================================================================
Received Import Request.
  Time since last request: 17.216824 seconds.
  path: Assets/Materials/New Material.mat
  artifactKey: Guid(67daef102054227439732158d415bf09) Importer(815301076,1909f56bfc062723c751e8b465ee728b)
Start importing Assets/Materials/New Material.mat using Guid(67daef102054227439732158d415bf09) Importer(815301076,1909f56bfc062723c751e8b465ee728b)  -> (artifact id: '9d41a775f39cb317df5f82d6df5e3f09') in 0.069848 seconds
  Import took 0.073583 seconds .

========================================================================
Received Import Request.
  Time since last request: 9.806028 seconds.
  path: Assets/PSXEffects/SampleTextures/Materials/building1.mat
  artifactKey: Guid(bdabeb2cdbed7984cae99e4ad51e96fd) Importer(815301076,1909f56bfc062723c751e8b465ee728b)
Start importing Assets/PSXEffects/SampleTextures/Materials/building1.mat using Guid(bdabeb2cdbed7984cae99e4ad51e96fd) Importer(815301076,1909f56bfc062723c751e8b465ee728b)  -> (artifact id: '5d9b4c766ee468704c5c04327e11e180') in 0.151313 seconds
  Import took 0.155221 seconds .

========================================================================
Received Import Request.
  Time since last request: 0.000262 seconds.
  path: Assets/PSXEffects/SampleTextures/Materials/CapsuleMaterialSpecular.mat
  artifactKey: Guid(2d73a8d11c461574d9b8db4ed6b92859) Importer(815301076,1909f56bfc062723c751e8b465ee728b)
Start importing Assets/PSXEffects/SampleTextures/Materials/CapsuleMaterialSpecular.mat using Guid(2d73a8d11c461574d9b8db4ed6b92859) Importer(815301076,1909f56bfc062723c751e8b465ee728b)  -> (artifact id: '263137dac0f55ee4e97227dd1575c6cb') in 0.101804 seconds
  Import took 0.105505 seconds .

========================================================================
Received Import Request.
  Time since last request: 0.000210 seconds.
  path: Assets/PSXEffects/SampleTextures/Materials/CapsuleMaterialFrag.mat
  artifactKey: Guid(dea32ae47c9cb8f438ceca95e8658c06) Importer(815301076,1909f56bfc062723c751e8b465ee728b)
Start importing Assets/PSXEffects/SampleTextures/Materials/CapsuleMaterialFrag.mat using Guid(dea32ae47c9cb8f438ceca95e8658c06) Importer(815301076,1909f56bfc062723c751e8b465ee728b)  -> (artifact id: 'f22618c64c491d5db36d2b0819175601') in 0.097846 seconds
  Import took 0.101655 seconds .

========================================================================
Received Import Request.
  Time since last request: 0.000205 seconds.
  path: Assets/PSXEffects/SampleTextures/Materials/leaves.mat
  artifactKey: Guid(44c95f23b9cd16640a8c11234c05ac3b) Importer(815301076,1909f56bfc062723c751e8b465ee728b)
Start importing Assets/PSXEffects/SampleTextures/Materials/leaves.mat using Guid(44c95f23b9cd16640a8c11234c05ac3b) Importer(815301076,1909f56bfc062723c751e8b465ee728b)  -> (artifact id: 'c148eb2de806cde5faca90e947e35d4e') in 0.144153 seconds
  Import took 0.147903 seconds .

========================================================================
Received Import Request.
  Time since last request: 0.000225 seconds.
  path: Assets/PSXEffects/SampleTextures/Materials/rock.mat
  artifactKey: Guid(e9ced2433d4471c4f868cf8c422c3da2) Importer(815301076,1909f56bfc062723c751e8b465ee728b)
Start importing Assets/PSXEffects/SampleTextures/Materials/rock.mat using Guid(e9ced2433d4471c4f868cf8c422c3da2) Importer(815301076,1909f56bfc062723c751e8b465ee728b)  -> (artifact id: 'c8bd0959cde14f2126cc3046696f140d') in 0.015432 seconds
  Import took 0.019229 seconds .

========================================================================
Received Import Request.
  Time since last request: 0.000200 seconds.
  path: Assets/PSXEffects/SampleTextures/Materials/grass.mat
  artifactKey: Guid(f1de0b3bc98cdd148a356e531bdf92c3) Importer(815301076,1909f56bfc062723c751e8b465ee728b)
Start importing Assets/PSXEffects/SampleTextures/Materials/grass.mat using Guid(f1de0b3bc98cdd148a356e531bdf92c3) Importer(815301076,1909f56bfc062723c751e8b465ee728b)  -> (artifact id: '4aeb4f4db0f5516b4ffd22c9ca323bb6') in 0.009644 seconds
  Import took 0.013318 seconds .

========================================================================
Received Import Request.
  Time since last request: 0.000202 seconds.
  path: Assets/PSXEffects/SampleTextures/Materials/dirt.mat
  artifactKey: Guid(f8c5882c0c0a4d74e9a6f1593247362b) Importer(815301076,1909f56bfc062723c751e8b465ee728b)
Start importing Assets/PSXEffects/SampleTextures/Materials/dirt.mat using Guid(f8c5882c0c0a4d74e9a6f1593247362b) Importer(815301076,1909f56bfc062723c751e8b465ee728b)  -> (artifact id: '069aa770d1c9357bc9c2498b7684a077') in 0.089618 seconds
  Import took 0.093207 seconds .

========================================================================
Received Import Request.
  Time since last request: 0.000259 seconds.
  path: Assets/PSXEffects/SampleTextures/Materials/CapsuleMaterialCubemap.mat
  artifactKey: Guid(d948ef343c577744c9e9e71beffdcdec) Importer(815301076,1909f56bfc062723c751e8b465ee728b)
Start importing Assets/PSXEffects/SampleTextures/Materials/CapsuleMaterialCubemap.mat using Guid(d948ef343c577744c9e9e71beffdcdec) Importer(815301076,1909f56bfc062723c751e8b465ee728b)  -> (artifact id: '4874699b19a8a7e0ce6f68f532da9c8e') in 0.097359 seconds
  Import took 0.101194 seconds .

========================================================================
Received Import Request.
  Time since last request: 0.000211 seconds.
  path: Assets/PSXEffects/SampleTextures/Materials/CapsuleMaterialNormal.mat
  artifactKey: Guid(f46b96898ddd43c4296b57a605574564) Importer(815301076,1909f56bfc062723c751e8b465ee728b)
Start importing Assets/PSXEffects/SampleTextures/Materials/CapsuleMaterialNormal.mat using Guid(f46b96898ddd43c4296b57a605574564) Importer(815301076,1909f56bfc062723c751e8b465ee728b)  -> (artifact id: '9f1b72dd47d61e3bea603b1537c07c5c') in 0.015133 seconds
  Import took 0.019085 seconds .

========================================================================
Received Import Request.
  Time since last request: 0.000239 seconds.
  path: Assets/PSXEffects/SampleTextures/Materials/Transparent.mat
  artifactKey: Guid(d2767cf7d976a6d4fbbe3ba9d4ceae53) Importer(815301076,1909f56bfc062723c751e8b465ee728b)
Start importing Assets/PSXEffects/SampleTextures/Materials/Transparent.mat using Guid(d2767cf7d976a6d4fbbe3ba9d4ceae53) Importer(815301076,1909f56bfc062723c751e8b465ee728b)  -> (artifact id: 'd015740cb267a99f85b57dea10069e77') in 0.145150 seconds
  Import took 0.149077 seconds .

========================================================================
Received Import Request.
  Time since last request: 0.000208 seconds.
  path: Assets/PSXEffects/SampleTextures/Materials/CapsuleMaterialSpecularG.mat
  artifactKey: Guid(f2dc875c235045d458326d15906f568f) Importer(815301076,1909f56bfc062723c751e8b465ee728b)
Start importing Assets/PSXEffects/SampleTextures/Materials/CapsuleMaterialSpecularG.mat using Guid(f2dc875c235045d458326d15906f568f) Importer(815301076,1909f56bfc062723c751e8b465ee728b)  -> (artifact id: '7e86e838d06663b78d1781915f20c08a') in 0.098594 seconds
  Import took 0.102444 seconds .

========================================================================
Received Import Request.
  Time since last request: 0.000217 seconds.
  path: Assets/PSXEffects/SampleTextures/Materials/Red.mat
  artifactKey: Guid(c2343cb83154e7f4096389e336e1c2fe) Importer(815301076,1909f56bfc062723c751e8b465ee728b)
Start importing Assets/PSXEffects/SampleTextures/Materials/Red.mat using Guid(c2343cb83154e7f4096389e336e1c2fe) Importer(815301076,1909f56bfc062723c751e8b465ee728b)  -> (artifact id: 'b154119f462b4e4a77234b25fcc54086') in 0.015192 seconds
  Import took 0.019154 seconds .

========================================================================
Received Import Request.
  Time since last request: 0.000250 seconds.
  path: Assets/PSXEffects/SampleTextures/Materials/lamp.mat
  artifactKey: Guid(7dfa5606324366e45b0b2c58fcddba9c) Importer(815301076,1909f56bfc062723c751e8b465ee728b)
Start importing Assets/PSXEffects/SampleTextures/Materials/lamp.mat using Guid(7dfa5606324366e45b0b2c58fcddba9c) Importer(815301076,1909f56bfc062723c751e8b465ee728b)  -> (artifact id: 'e7475f4b9ea44000ad51fa56e28a2b92') in 0.014590 seconds
  Import took 0.018663 seconds .

========================================================================
Received Import Request.
  Time since last request: 0.000245 seconds.
  path: Assets/PSXEffects/SampleTextures/Materials/PSX Gray.mat
  artifactKey: Guid(c2135166fa894924e93988b1d60c2634) Importer(815301076,1909f56bfc062723c751e8b465ee728b)
Start importing Assets/PSXEffects/SampleTextures/Materials/PSX Gray.mat using Guid(c2135166fa894924e93988b1d60c2634) Importer(815301076,1909f56bfc062723c751e8b465ee728b)  -> (artifact id: 'd56011282f14e7e4e6a164f2cd574a50') in 0.015103 seconds
  Import took 0.019942 seconds .

========================================================================
Received Import Request.
  Time since last request: 0.000269 seconds.
  path: Assets/PSXEffects/SampleTextures/Materials/Shadow.mat
  artifactKey: Guid(c5ae840b7f73d9a4cbbde76208049773) Importer(815301076,1909f56bfc062723c751e8b465ee728b)
Start importing Assets/PSXEffects/SampleTextures/Materials/Shadow.mat using Guid(c5ae840b7f73d9a4cbbde76208049773) Importer(815301076,1909f56bfc062723c751e8b465ee728b)  -> (artifact id: '93267d8cc4e6955095caabaa12e4cecd') in 0.089755 seconds
  Import took 0.093696 seconds .

========================================================================
Received Import Request.
  Time since last request: 0.000215 seconds.
  path: Assets/PSXEffects/SampleTextures/Materials/sidewalk.mat
  artifactKey: Guid(af31e888150f97d4b814727bcbee851b) Importer(815301076,1909f56bfc062723c751e8b465ee728b)
Start importing Assets/PSXEffects/SampleTextures/Materials/sidewalk.mat using Guid(af31e888150f97d4b814727bcbee851b) Importer(815301076,1909f56bfc062723c751e8b465ee728b)  -> (artifact id: '28e8c1601de8e3695cfa86978953aeac') in 0.088838 seconds
  Import took 0.092674 seconds .

========================================================================
Received Import Request.
  Time since last request: 0.000263 seconds.
  path: Assets/PSXEffects/SampleTextures/Materials/CapsuleMaterial.mat
  artifactKey: Guid(e40e91e6a5f09554281ecfd375f6d6d3) Importer(815301076,1909f56bfc062723c751e8b465ee728b)
Start importing Assets/PSXEffects/SampleTextures/Materials/CapsuleMaterial.mat using Guid(e40e91e6a5f09554281ecfd375f6d6d3) Importer(815301076,1909f56bfc062723c751e8b465ee728b)  -> (artifact id: '42dc717c4d17a4ad1897d4407ea974f8') in 0.014243 seconds
  Import took 0.018212 seconds .

========================================================================
Received Import Request.
  Time since last request: 0.000268 seconds.
  path: Assets/PSXEffects/SampleTextures/Materials/trunk.mat
  artifactKey: Guid(44b736fac239f4d498e3afaf5224fb72) Importer(815301076,1909f56bfc062723c751e8b465ee728b)
Start importing Assets/PSXEffects/SampleTextures/Materials/trunk.mat using Guid(44b736fac239f4d498e3afaf5224fb72) Importer(815301076,1909f56bfc062723c751e8b465ee728b)  -> (artifact id: '87293b63c8bec00c237c678240ac5786') in 0.015314 seconds
  Import took 0.019542 seconds .

========================================================================
Received Import Request.
  Time since last request: 0.000274 seconds.
  path: Assets/PSXEffects/SampleTextures/Materials/CapsuleMaterialEmission.mat
  artifactKey: Guid(e933f7105cf7cfe40a4b2865a0fc517a) Importer(815301076,1909f56bfc062723c751e8b465ee728b)
Start importing Assets/PSXEffects/SampleTextures/Materials/CapsuleMaterialEmission.mat using Guid(e933f7105cf7cfe40a4b2865a0fc517a) Importer(815301076,1909f56bfc062723c751e8b465ee728b)  -> (artifact id: '867472e04cd1f721332dc2e57d1a1523') in 0.098123 seconds
  Import took 0.102142 seconds .

========================================================================
Received Import Request.
  Time since last request: 0.000205 seconds.
  path: Assets/PSXEffects/SampleTextures/Materials/mailbox.mat
  artifactKey: Guid(4a891541ab1446a48aad1f805a568a6e) Importer(815301076,1909f56bfc062723c751e8b465ee728b)
Start importing Assets/PSXEffects/SampleTextures/Materials/mailbox.mat using Guid(4a891541ab1446a48aad1f805a568a6e) Importer(815301076,1909f56bfc062723c751e8b465ee728b)  -> (artifact id: 'a5778e5af9db0673559ea5c5984f189c') in 0.014676 seconds
  Import took 0.018524 seconds .

========================================================================
Received Import Request.
  Time since last request: 0.000296 seconds.
  path: Assets/PSXEffects/SampleTextures/Materials/CapsuleMaterialLOD.mat
  artifactKey: Guid(66b3f40cd9f3b7149a666a0ceff42311) Importer(815301076,1909f56bfc062723c751e8b465ee728b)
Start importing Assets/PSXEffects/SampleTextures/Materials/CapsuleMaterialLOD.mat using Guid(66b3f40cd9f3b7149a666a0ceff42311) Importer(815301076,1909f56bfc062723c751e8b465ee728b)  -> (artifact id: '45d1d1616a5559c0fa9982ce30d10fc2') in 0.146422 seconds
  Import took 0.150417 seconds .

========================================================================
Received Import Request.
  Time since last request: 0.000200 seconds.
  path: Assets/PSXEffects/SampleTextures/Materials/Default Shadow.mat
  artifactKey: Guid(1f5e998d7b815174c95cf1fea44c8168) Importer(815301076,1909f56bfc062723c751e8b465ee728b)
Start importing Assets/PSXEffects/SampleTextures/Materials/Default Shadow.mat using Guid(1f5e998d7b815174c95cf1fea44c8168) Importer(815301076,1909f56bfc062723c751e8b465ee728b)  -> (artifact id: 'ed46195fe52393c7b2da505b2e0bfd4e') in 0.014826 seconds
  Import took 0.018667 seconds .

========================================================================
Received Import Request.
  Time since last request: 0.000353 seconds.
  path: Assets/PSXEffects/SampleTextures/Materials/fence.mat
  artifactKey: Guid(f21c1d02320ae90498fe949dc9f2db0a) Importer(815301076,1909f56bfc062723c751e8b465ee728b)
Start importing Assets/PSXEffects/SampleTextures/Materials/fence.mat using Guid(f21c1d02320ae90498fe949dc9f2db0a) Importer(815301076,1909f56bfc062723c751e8b465ee728b)  -> (artifact id: 'f4a026307d46db497251750c996122cd') in 0.013015 seconds
  Import took 0.018186 seconds .

========================================================================
Received Import Request.
  Time since last request: 0.000262 seconds.
  path: Assets/PSXEffects/SampleTextures/Materials/CapsuleMaterialMetal.mat
  artifactKey: Guid(56de31f9601e9ff499f6c1fc782358b3) Importer(815301076,1909f56bfc062723c751e8b465ee728b)
Start importing Assets/PSXEffects/SampleTextures/Materials/CapsuleMaterialMetal.mat using Guid(56de31f9601e9ff499f6c1fc782358b3) Importer(815301076,1909f56bfc062723c751e8b465ee728b)  -> (artifact id: '0d48fe824bea2acf4be7f7c31510f4ee') in 0.101316 seconds
  Import took 0.105656 seconds .

========================================================================
Received Import Request.
  Time since last request: 33.438365 seconds.
  path: Assets/PSXEffects/SampleTextures/Scripts/Example.preset
  artifactKey: Guid(e3c0b0fb2ff896d41a235c71f22f1883) Importer(815301076,1909f56bfc062723c751e8b465ee728b)
Start importing Assets/PSXEffects/SampleTextures/Scripts/Example.preset using Guid(e3c0b0fb2ff896d41a235c71f22f1883) Importer(815301076,1909f56bfc062723c751e8b465ee728b)  -> (artifact id: '19545178912ed39eed5dd628952d4cf6') in 0.010820 seconds
  Import took 0.014490 seconds .

========================================================================
Received Prepare
Registering precompiled user dll's ...
Registered in 0.001298 seconds.
Begin MonoManager ReloadAssembly
Native extension for WindowsStandalone target not found
Native extension for WebGL target not found
Refreshing native plugins compatible for Editor in 0.49 ms, found 0 plugins.
Preloading 0 native plugins for Editor in 0.00 ms.
Invoked RoslynAnalysisRunner static constructor.
RoslynAnalysisRunner will not be running.
RoslynAnalysisRunner has terminated.
Mono: successfully reloaded assembly
- Completed reload, in  0.869 seconds
Platform modules already initialized, skipping
Shader 'Universal Render Pipeline/Particles/Lit': fallback shader 'Universal Render Pipeline/Particles/SimpleLit' not found
Refreshing native plugins compatible for Editor in 0.41 ms, found 0 plugins.
Preloading 0 native plugins for Editor in 0.00 ms.
Unloading 2356 Unused Serialized files (Serialized files now loaded: 0)
System memory in use before: 109.5 MB.
System memory in use after: 109.3 MB.

Unloading 8 unused Assets to reduce memory usage. Loaded Objects now: 2957.
Total: 2.565300 ms (FindLiveObjects: 0.301500 ms CreateObjectMapping: 0.067500 ms MarkObjects: 1.789300 ms  DeleteObjects: 0.406000 ms)

========================================================================
Received Prepare
Registering precompiled user dll's ...
Registered in 0.001637 seconds.
Begin MonoManager ReloadAssembly
Native extension for WindowsStandalone target not found
Native extension for WebGL target not found
Refreshing native plugins compatible for Editor in 0.45 ms, found 0 plugins.
Preloading 0 native plugins for Editor in 0.00 ms.
Invoked RoslynAnalysisRunner static constructor.
RoslynAnalysisRunner will not be running.
RoslynAnalysisRunner has terminated.
Mono: successfully reloaded assembly
- Completed reload, in  0.968 seconds
Platform modules already initialized, skipping
Shader 'Universal Render Pipeline/Particles/Lit': fallback shader 'Universal Render Pipeline/Particles/SimpleLit' not found
Refreshing native plugins compatible for Editor in 0.83 ms, found 0 plugins.
Preloading 0 native plugins for Editor in 0.00 ms.
Unloading 2355 Unused Serialized files (Serialized files now loaded: 0)
System memory in use before: 109.4 MB.
System memory in use after: 109.2 MB.

Unloading 8 unused Assets to reduce memory usage. Loaded Objects now: 2960.
Total: 3.319700 ms (FindLiveObjects: 0.505000 ms CreateObjectMapping: 0.085200 ms MarkObjects: 2.283700 ms  DeleteObjects: 0.444300 ms)

========================================================================
Received Prepare
Registering precompiled user dll's ...
Registered in 0.001101 seconds.
Begin MonoManager ReloadAssembly
Native extension for WindowsStandalone target not found
Native extension for WebGL target not found
Refreshing native plugins compatible for Editor in 0.52 ms, found 0 plugins.
Preloading 0 native plugins for Editor in 0.00 ms.
Invoked RoslynAnalysisRunner static constructor.
RoslynAnalysisRunner will not be running.
RoslynAnalysisRunner has terminated.
Mono: successfully reloaded assembly
- Completed reload, in  0.977 seconds
Platform modules already initialized, skipping
Shader 'Universal Render Pipeline/Particles/Lit': fallback shader 'Universal Render Pipeline/Particles/SimpleLit' not found
Refreshing native plugins compatible for Editor in 0.43 ms, found 0 plugins.
Preloading 0 native plugins for Editor in 0.00 ms.
Unloading 2355 Unused Serialized files (Serialized files now loaded: 0)
System memory in use before: 109.4 MB.
System memory in use after: 109.2 MB.

Unloading 8 unused Assets to reduce memory usage. Loaded Objects now: 2963.
Total: 3.134200 ms (FindLiveObjects: 0.309800 ms CreateObjectMapping: 0.064500 ms MarkObjects: 2.347000 ms  DeleteObjects: 0.410900 ms)

========================================================================
Received Prepare
Registering precompiled user dll's ...
Registered in 0.001082 seconds.
Begin MonoManager ReloadAssembly
Native extension for WindowsStandalone target not found
Native extension for WebGL target not found
Refreshing native plugins compatible for Editor in 0.70 ms, found 0 plugins.
Preloading 0 native plugins for Editor in 0.00 ms.
Invoked RoslynAnalysisRunner static constructor.
RoslynAnalysisRunner will not be running.
RoslynAnalysisRunner has terminated.
Mono: successfully reloaded assembly
- Completed reload, in  0.889 seconds
Platform modules already initialized, skipping
Shader 'Universal Render Pipeline/Particles/Lit': fallback shader 'Universal Render Pipeline/Particles/SimpleLit' not found
Refreshing native plugins compatible for Editor in 0.43 ms, found 0 plugins.
Preloading 0 native plugins for Editor in 0.00 ms.
Unloading 2355 Unused Serialized files (Serialized files now loaded: 0)
System memory in use before: 109.3 MB.
System memory in use after: 109.2 MB.

Unloading 8 unused Assets to reduce memory usage. Loaded Objects now: 2966.
Total: 2.820000 ms (FindLiveObjects: 0.432300 ms CreateObjectMapping: 0.092700 ms MarkObjects: 1.888000 ms  DeleteObjects: 0.405400 ms)

========================================================================
Received Import Request.
  Time since last request: 706.138187 seconds.
  path: Assets/Mankeys_sushishop/Materials/Banana.mat
  artifactKey: Guid(b998beb8390f4684a907bb09e14e78ed) Importer(815301076,1909f56bfc062723c751e8b465ee728b)
Start importing Assets/Mankeys_sushishop/Materials/Banana.mat using Guid(b998beb8390f4684a907bb09e14e78ed) Importer(815301076,1909f56bfc062723c751e8b465ee728b)  -> (artifact id: 'e16b07e46ab48f711d5d384fe6368dbf') in 0.152009 seconds
  Import took 0.156177 seconds .

========================================================================
Received Import Request.
  Time since last request: 0.000255 seconds.
  path: Assets/Mankeys_sushishop/Materials/material0.mat
  artifactKey: Guid(5a100c7e37880d946b6a27efc14fd523) Importer(815301076,1909f56bfc062723c751e8b465ee728b)
Start importing Assets/Mankeys_sushishop/Materials/material0.mat using Guid(5a100c7e37880d946b6a27efc14fd523) Importer(815301076,1909f56bfc062723c751e8b465ee728b)  -> (artifact id: '16982f23fa7f5485679221c122549f8a') in 0.012106 seconds
  Import took 0.016491 seconds .

========================================================================
Received Import Request.
  Time since last request: 0.000216 seconds.
  path: Assets/Mankeys_sushishop/Materials/Monkey_tie.mat
  artifactKey: Guid(1a27522b7bb815c409a28f47411b76aa) Importer(815301076,1909f56bfc062723c751e8b465ee728b)
Start importing Assets/Mankeys_sushishop/Materials/Monkey_tie.mat using Guid(1a27522b7bb815c409a28f47411b76aa) Importer(815301076,1909f56bfc062723c751e8b465ee728b)  -> (artifact id: '098be464793a2bb1efdf0f525ea5765f') in 0.011508 seconds
  Import took 0.015409 seconds .

========================================================================
Received Import Request.
  Time since last request: 0.000236 seconds.
  path: Assets/Mankeys_sushishop/Materials/cocont.mat
  artifactKey: Guid(bdd43058ada52f241aadbab5a78e66c6) Importer(815301076,1909f56bfc062723c751e8b465ee728b)
Start importing Assets/Mankeys_sushishop/Materials/cocont.mat using Guid(bdd43058ada52f241aadbab5a78e66c6) Importer(815301076,1909f56bfc062723c751e8b465ee728b)  -> (artifact id: '701e506e9793ce1ecf9a4a782d0d5796') in 0.011738 seconds
  Import took 0.015168 seconds .

========================================================================
Received Import Request.
  Time since last request: 0.000197 seconds.
  path: Assets/Mankeys_sushishop/Materials/Monkey_test.mat
  artifactKey: Guid(93959bd209ef3354eabe64da89096fa4) Importer(815301076,1909f56bfc062723c751e8b465ee728b)
Start importing Assets/Mankeys_sushishop/Materials/Monkey_test.mat using Guid(93959bd209ef3354eabe64da89096fa4) Importer(815301076,1909f56bfc062723c751e8b465ee728b)  -> (artifact id: 'fcec40f24ca13b93335b153ffc894dd0') in 0.014478 seconds
  Import took 0.018103 seconds .

========================================================================
Received Import Request.
  Time since last request: 0.000210 seconds.
  path: Assets/Mankeys_sushishop/Materials/Logo.mat
  artifactKey: Guid(66125bec55064c242969690e1f9cf5c4) Importer(815301076,1909f56bfc062723c751e8b465ee728b)
Start importing Assets/Mankeys_sushishop/Materials/Logo.mat using Guid(66125bec55064c242969690e1f9cf5c4) Importer(815301076,1909f56bfc062723c751e8b465ee728b)  -> (artifact id: 'ea82dc132b5a5180b705fd9f209ce1f6') in 0.034779 seconds
  Import took 0.038401 seconds .

========================================================================
Received Import Request.
  Time since last request: 0.000343 seconds.
  path: Assets/Mankeys_sushishop/Materials/Mesa3.mat
  artifactKey: Guid(508405181c6d21c4a9f416cc7cbe0c52) Importer(815301076,1909f56bfc062723c751e8b465ee728b)
Start importing Assets/Mankeys_sushishop/Materials/Mesa3.mat using Guid(508405181c6d21c4a9f416cc7cbe0c52) Importer(815301076,1909f56bfc062723c751e8b465ee728b)  -> (artifact id: '802b54aef1a00f867d4e0c26c476cb44') in 0.012846 seconds
  Import took 0.016991 seconds .

========================================================================
Received Import Request.
  Time since last request: 0.000186 seconds.
  path: Assets/Mankeys_sushishop/Materials/water.mat
  artifactKey: Guid(c549a80db75c13f4abea331ea59e585c) Importer(815301076,1909f56bfc062723c751e8b465ee728b)
Start importing Assets/Mankeys_sushishop/Materials/water.mat using Guid(c549a80db75c13f4abea331ea59e585c) Importer(815301076,1909f56bfc062723c751e8b465ee728b)  -> (artifact id: '35e2ee4682595106e5453c0b79c693e4') in 0.011441 seconds
  Import took 0.014766 seconds .

========================================================================
Received Import Request.
  Time since last request: 0.000188 seconds.
  path: Assets/Mankeys_sushishop/Materials/Mahgnkey_mat.mat
  artifactKey: Guid(db2ffc45a69362d49a6ee7008d1c3ad4) Importer(815301076,1909f56bfc062723c751e8b465ee728b)
Start importing Assets/Mankeys_sushishop/Materials/Mahgnkey_mat.mat using Guid(db2ffc45a69362d49a6ee7008d1c3ad4) Importer(815301076,1909f56bfc062723c751e8b465ee728b)  -> (artifact id: '89a71d046a651f91009ee73e591ea6e6') in 0.018976 seconds
  Import took 0.022379 seconds .

========================================================================
Received Import Request.
  Time since last request: 0.000242 seconds.
  path: Assets/Mankeys_sushishop/Materials/grey_material4.mat
  artifactKey: Guid(298da7fe5bd420d4c839d90b8b4d4f5a) Importer(815301076,1909f56bfc062723c751e8b465ee728b)
Start importing Assets/Mankeys_sushishop/Materials/grey_material4.mat using Guid(298da7fe5bd420d4c839d90b8b4d4f5a) Importer(815301076,1909f56bfc062723c751e8b465ee728b)  -> (artifact id: '4875b3bfed83598170df5298f57164d1') in 0.012407 seconds
  Import took 0.016293 seconds .

========================================================================
Received Import Request.
  Time since last request: 0.000248 seconds.
  path: Assets/Mankeys_sushishop/Materials/Banana3.mat
  artifactKey: Guid(151aed29769a8784f88f81353ac1106e) Importer(815301076,1909f56bfc062723c751e8b465ee728b)
Start importing Assets/Mankeys_sushishop/Materials/Banana3.mat using Guid(151aed29769a8784f88f81353ac1106e) Importer(815301076,1909f56bfc062723c751e8b465ee728b)  -> (artifact id: '4821b2bc6378ee31b240c098fa0eb841') in 0.011632 seconds
  Import took 0.015352 seconds .

========================================================================
Received Import Request.
  Time since last request: 0.000197 seconds.
  path: Assets/Mankeys_sushishop/Materials/cocont2.mat
  artifactKey: Guid(336b8346dd87b37498208fc9c0c66c6c) Importer(815301076,1909f56bfc062723c751e8b465ee728b)
Start importing Assets/Mankeys_sushishop/Materials/cocont2.mat using Guid(336b8346dd87b37498208fc9c0c66c6c) Importer(815301076,1909f56bfc062723c751e8b465ee728b)  -> (artifact id: 'fe334c5d692800288c38238343483c4b') in 0.012294 seconds
  Import took 0.015688 seconds .

========================================================================
Received Import Request.
  Time since last request: 0.000212 seconds.
  path: Assets/Mankeys_sushishop/Materials/SKy.mat
  artifactKey: Guid(211180ecbb3617346985d88196313c4b) Importer(815301076,1909f56bfc062723c751e8b465ee728b)
Start importing Assets/Mankeys_sushishop/Materials/SKy.mat using Guid(211180ecbb3617346985d88196313c4b) Importer(815301076,1909f56bfc062723c751e8b465ee728b)  -> (artifact id: 'a4030ac86654324d8a16c399f8487ec2') in 0.032930 seconds
  Import took 0.036484 seconds .

========================================================================
Received Import Request.
  Time since last request: 0.000221 seconds.
  path: Assets/Mankeys_sushishop/Materials/Emission.mat
  artifactKey: Guid(95bab0baed11ef74aad3f0162b7f07c0) Importer(815301076,1909f56bfc062723c751e8b465ee728b)
Start importing Assets/Mankeys_sushishop/Materials/Emission.mat using Guid(95bab0baed11ef74aad3f0162b7f07c0) Importer(815301076,1909f56bfc062723c751e8b465ee728b)  -> (artifact id: '87dac42543d022725583363432c653ea') in 0.011649 seconds
  Import took 0.015142 seconds .

========================================================================
Received Import Request.
  Time since last request: 0.000244 seconds.
  path: Assets/Mankeys_sushishop/Materials/Grey_rock.mat
  artifactKey: Guid(ba49a79d590ff7d4cb0ce09fd1120c99) Importer(815301076,1909f56bfc062723c751e8b465ee728b)
Start importing Assets/Mankeys_sushishop/Materials/Grey_rock.mat using Guid(ba49a79d590ff7d4cb0ce09fd1120c99) Importer(815301076,1909f56bfc062723c751e8b465ee728b)  -> (artifact id: '8a01a51d59ea261b81339cf00125ab67') in 0.011731 seconds
  Import took 0.015280 seconds .

========================================================================
Received Import Request.
  Time since last request: 0.000246 seconds.
  path: Assets/Mankeys_sushishop/Materials/palm_leaf.mat
  artifactKey: Guid(7969aa5b6c8c1e84ea4bac94439093c3) Importer(815301076,1909f56bfc062723c751e8b465ee728b)
Start importing Assets/Mankeys_sushishop/Materials/palm_leaf.mat using Guid(7969aa5b6c8c1e84ea4bac94439093c3) Importer(815301076,1909f56bfc062723c751e8b465ee728b)  -> (artifact id: 'bcb68513ccf19791bed00c6f9a50c0a2') in 0.012489 seconds
  Import took 0.016150 seconds .

========================================================================
Received Import Request.
  Time since last request: 0.000245 seconds.
  path: Assets/Mankeys_sushishop/Materials/Grey_rock2.mat
  artifactKey: Guid(f80d79f323dfda243be53b0128c618c3) Importer(815301076,1909f56bfc062723c751e8b465ee728b)
Start importing Assets/Mankeys_sushishop/Materials/Grey_rock2.mat using Guid(f80d79f323dfda243be53b0128c618c3) Importer(815301076,1909f56bfc062723c751e8b465ee728b)  -> (artifact id: '96e03138be9abfbd074fbda082f0eb88') in 0.010646 seconds
  Import took 0.014547 seconds .

========================================================================
Received Import Request.
  Time since last request: 0.000228 seconds.
  path: Assets/Mankeys_sushishop/Materials/Mesa2.mat
  artifactKey: Guid(6fa9743ea811aef48ad2ab9cddc23751) Importer(815301076,1909f56bfc062723c751e8b465ee728b)
Start importing Assets/Mankeys_sushishop/Materials/Mesa2.mat using Guid(6fa9743ea811aef48ad2ab9cddc23751) Importer(815301076,1909f56bfc062723c751e8b465ee728b)  -> (artifact id: '498c7adc6c521beb827e352e2c1c2a5d') in 0.010802 seconds
  Import took 0.014323 seconds .

========================================================================
Received Import Request.
  Time since last request: 0.000254 seconds.
  path: Assets/Mankeys_sushishop/Materials/Salchicha1.mat
  artifactKey: Guid(0abcea8b68c480243b1ae9abd2570de2) Importer(815301076,1909f56bfc062723c751e8b465ee728b)
Start importing Assets/Mankeys_sushishop/Materials/Salchicha1.mat using Guid(0abcea8b68c480243b1ae9abd2570de2) Importer(815301076,1909f56bfc062723c751e8b465ee728b)  -> (artifact id: '28bb1681b18c65a97ad3ed2496741dd8') in 0.011621 seconds
  Import took 0.015326 seconds .

========================================================================
Received Import Request.
  Time since last request: 0.000254 seconds.
  path: Assets/Mankeys_sushishop/Materials/Sand.mat
  artifactKey: Guid(9bab7cfeaf146994bb6539ea5d4ad420) Importer(815301076,1909f56bfc062723c751e8b465ee728b)
Start importing Assets/Mankeys_sushishop/Materials/Sand.mat using Guid(9bab7cfeaf146994bb6539ea5d4ad420) Importer(815301076,1909f56bfc062723c751e8b465ee728b)  -> (artifact id: '95e4cd951282fc37135089d5e2c24eba') in 0.011079 seconds
  Import took 0.015089 seconds .

========================================================================
Received Import Request.
  Time since last request: 0.000213 seconds.
  path: Assets/Mankeys_sushishop/Materials/sky2.mat
  artifactKey: Guid(a1b32eefc30109f4ab45b9c4c7783aba) Importer(815301076,1909f56bfc062723c751e8b465ee728b)
Start importing Assets/Mankeys_sushishop/Materials/sky2.mat using Guid(a1b32eefc30109f4ab45b9c4c7783aba) Importer(815301076,1909f56bfc062723c751e8b465ee728b)  -> (artifact id: '55d7b2d4f3d1b622005f7afeb1d12039') in 0.156342 seconds
  Import took 0.159997 seconds .

========================================================================
Received Import Request.
  Time since last request: 0.000208 seconds.
  path: Assets/Mankeys_sushishop/Materials/default.mat
  artifactKey: Guid(258d67c720bc5d143aaf6ce73d0c16d4) Importer(815301076,1909f56bfc062723c751e8b465ee728b)
Start importing Assets/Mankeys_sushishop/Materials/default.mat using Guid(258d67c720bc5d143aaf6ce73d0c16d4) Importer(815301076,1909f56bfc062723c751e8b465ee728b)  -> (artifact id: 'dd96c7deb53de8f23f0bbec9b221926f') in 0.010553 seconds
  Import took 0.014115 seconds .

========================================================================
Received Import Request.
  Time since last request: 0.000215 seconds.
  path: Assets/Mankeys_sushishop/Materials/Monkey_eye1.mat
  artifactKey: Guid(2dccf874efe80a545af7629253d6c4a3) Importer(815301076,1909f56bfc062723c751e8b465ee728b)
Start importing Assets/Mankeys_sushishop/Materials/Monkey_eye1.mat using Guid(2dccf874efe80a545af7629253d6c4a3) Importer(815301076,1909f56bfc062723c751e8b465ee728b)  -> (artifact id: 'b5706d428bd32f03d91b2e7a059ea28a') in 0.011829 seconds
  Import took 0.016188 seconds .

========================================================================
Received Import Request.
  Time since last request: 0.000220 seconds.
  path: Assets/Mankeys_sushishop/Materials/Palm_tree.mat
  artifactKey: Guid(ba54180e935e43641921f8cd5e4c7241) Importer(815301076,1909f56bfc062723c751e8b465ee728b)
Start importing Assets/Mankeys_sushishop/Materials/Palm_tree.mat using Guid(ba54180e935e43641921f8cd5e4c7241) Importer(815301076,1909f56bfc062723c751e8b465ee728b)  -> (artifact id: '3c55b34cfbfe3d569f8509b8c6829dc1') in 0.011116 seconds
  Import took 0.014575 seconds .

========================================================================
Received Import Request.
  Time since last request: 0.000228 seconds.
  path: Assets/Mankeys_sushishop/Materials/cocont2x.mat
  artifactKey: Guid(17dfde28eeb92c443a05515a6be03cfc) Importer(815301076,1909f56bfc062723c751e8b465ee728b)
Start importing Assets/Mankeys_sushishop/Materials/cocont2x.mat using Guid(17dfde28eeb92c443a05515a6be03cfc) Importer(815301076,1909f56bfc062723c751e8b465ee728b)  -> (artifact id: '4dd936822eabf7b60268e17275a8303c') in 0.011703 seconds
  Import took 0.015134 seconds .

========================================================================
Received Import Request.
  Time since last request: 0.000228 seconds.
  path: Assets/Mankeys_sushishop/Materials/Banana2.mat
  artifactKey: Guid(2db1901c03e38de42ada53ee8965906c) Importer(815301076,1909f56bfc062723c751e8b465ee728b)
Start importing Assets/Mankeys_sushishop/Materials/Banana2.mat using Guid(2db1901c03e38de42ada53ee8965906c) Importer(815301076,1909f56bfc062723c751e8b465ee728b)  -> (artifact id: 'd785feae82d1188249922af4d9d666d5') in 0.010866 seconds
  Import took 0.014320 seconds .

========================================================================
Received Import Request.
  Time since last request: 0.000190 seconds.
  path: Assets/Mankeys_sushishop/Materials/Mesa1.mat
  artifactKey: Guid(61f205615a48e5646ac3f59c7a7e1d29) Importer(815301076,1909f56bfc062723c751e8b465ee728b)
Start importing Assets/Mankeys_sushishop/Materials/Mesa1.mat using Guid(61f205615a48e5646ac3f59c7a7e1d29) Importer(815301076,1909f56bfc062723c751e8b465ee728b)  -> (artifact id: 'b6fc9490e81706a94957476effee58fa') in 0.011583 seconds
  Import took 0.014967 seconds .

========================================================================
Received Import Request.
  Time since last request: 0.000239 seconds.
  path: Assets/Mankeys_sushishop/Materials/Skybos.mat
  artifactKey: Guid(b18b7adee8353da40a2434a386d07f24) Importer(815301076,1909f56bfc062723c751e8b465ee728b)
Start importing Assets/Mankeys_sushishop/Materials/Skybos.mat using Guid(b18b7adee8353da40a2434a386d07f24) Importer(815301076,1909f56bfc062723c751e8b465ee728b)  -> (artifact id: '6fad90ac44b7280f36f28b0a2c7e3f2c') in 0.011924 seconds
  Import took 0.015384 seconds .

========================================================================
Received Import Request.
  Time since last request: 0.000223 seconds.
  path: Assets/Mankeys_sushishop/Materials/Emmissive.mat
  artifactKey: Guid(cfb90e335b6bbe4449e091fc164fdccb) Importer(815301076,1909f56bfc062723c751e8b465ee728b)
Start importing Assets/Mankeys_sushishop/Materials/Emmissive.mat using Guid(cfb90e335b6bbe4449e091fc164fdccb) Importer(815301076,1909f56bfc062723c751e8b465ee728b)  -> (artifact id: '7c9d6db4160d232102be97d7866f4153') in 0.011421 seconds
  Import took 0.015159 seconds .

========================================================================
Received Import Request.
  Time since last request: 11.757796 seconds.
  path: Assets/Mankeys_sushishop/Skybox/dome1_skybox.mat
  artifactKey: Guid(6b0381e82648edb4497b56edfb2fbb4e) Importer(815301076,1909f56bfc062723c751e8b465ee728b)
Start importing Assets/Mankeys_sushishop/Skybox/dome1_skybox.mat using Guid(6b0381e82648edb4497b56edfb2fbb4e) Importer(815301076,1909f56bfc062723c751e8b465ee728b)  -> (artifact id: 'fc9571c5b1593e8dcc593852070c62ab') in 0.022147 seconds
  Import took 0.026054 seconds .

========================================================================
Received Import Request.
  Time since last request: 0.000366 seconds.
  path: Assets/Mankeys_sushishop/Standard Assets/Effects/ToonShading/Materials/ToonBasic.mat
  artifactKey: Guid(84b9e1d19d11078d11005b9844295342) Importer(815301076,1909f56bfc062723c751e8b465ee728b)
Start importing Assets/Mankeys_sushishop/Standard Assets/Effects/ToonShading/Materials/ToonBasic.mat using Guid(84b9e1d19d11078d11005b9844295342) Importer(815301076,1909f56bfc062723c751e8b465ee728b)  -> (artifact id: 'fef60672304fdd3d493d403e5f83fc36') in 0.012150 seconds
  Import took 0.016098 seconds .

========================================================================
Received Import Request.
  Time since last request: 0.000244 seconds.
  path: Assets/Mankeys_sushishop/Standard Assets/Effects/ToonShading/Materials/ToonBasicOutline.mat
  artifactKey: Guid(215977489d11178d11005b9844295342) Importer(815301076,1909f56bfc062723c751e8b465ee728b)
Start importing Assets/Mankeys_sushishop/Standard Assets/Effects/ToonShading/Materials/ToonBasicOutline.mat using Guid(215977489d11178d11005b9844295342) Importer(815301076,1909f56bfc062723c751e8b465ee728b)  -> (artifact id: 'f01a144ecf34de2357385a73cae5c773') in 0.050585 seconds
  Import took 0.054501 seconds .

========================================================================
Received Import Request.
  Time since last request: 0.000273 seconds.
  path: Assets/Mankeys_sushishop/Standard Assets/Effects/ToonShading/Materials/ToonLit.mat
  artifactKey: Guid(c9e6294c9d11cb8d11006bf944295342) Importer(815301076,1909f56bfc062723c751e8b465ee728b)
Start importing Assets/Mankeys_sushishop/Standard Assets/Effects/ToonShading/Materials/ToonLit.mat using Guid(c9e6294c9d11cb8d11006bf944295342) Importer(815301076,1909f56bfc062723c751e8b465ee728b)  -> (artifact id: 'f955a1d276f0fbbca94e215bcd6a64c7') in 0.104393 seconds
  Import took 0.108091 seconds .

========================================================================
Received Import Request.
  Time since last request: 0.000224 seconds.
  path: Assets/Mankeys_sushishop/Standard Assets/Characters/ThirdPersonCharacter/Materials/EthanWhite.mat
  artifactKey: Guid(f62b52b2d4b721742a0bc5c6b4db468d) Importer(815301076,1909f56bfc062723c751e8b465ee728b)
Start importing Assets/Mankeys_sushishop/Standard Assets/Characters/ThirdPersonCharacter/Materials/EthanWhite.mat using Guid(f62b52b2d4b721742a0bc5c6b4db468d) Importer(815301076,1909f56bfc062723c751e8b465ee728b)  -> (artifact id: 'be6f53f006c72eb9096959c9e62a40ec') in 0.250471 seconds
  Import took 0.255313 seconds .

========================================================================
Received Import Request.
  Time since last request: 0.000312 seconds.
  path: Assets/Mankeys_sushishop/Standard Assets/Characters/ThirdPersonCharacter/Materials/EthanGrey.mat
  artifactKey: Guid(621e901dcf5ebaf46bce29d18f67194c) Importer(815301076,1909f56bfc062723c751e8b465ee728b)
Start importing Assets/Mankeys_sushishop/Standard Assets/Characters/ThirdPersonCharacter/Materials/EthanGrey.mat using Guid(621e901dcf5ebaf46bce29d18f67194c) Importer(815301076,1909f56bfc062723c751e8b465ee728b)  -> (artifact id: 'b7bfb478edbc1fead9a90fde2242a2ae') in 0.077906 seconds
  Import took 0.082931 seconds .

========================================================================
Received Import Request.
  Time since last request: 0.000229 seconds.
  path: Assets/Mankeys_sushishop/Standard Assets/Effects/ToonShading/Materials/ToonLitOutline.mat
  artifactKey: Guid(5d69df9d9d11e49d110086ba44295342) Importer(815301076,1909f56bfc062723c751e8b465ee728b)
Start importing Assets/Mankeys_sushishop/Standard Assets/Effects/ToonShading/Materials/ToonLitOutline.mat using Guid(5d69df9d9d11e49d110086ba44295342) Importer(815301076,1909f56bfc062723c751e8b465ee728b)  -> (artifact id: '5665778d8525ad009202255124ace263') in 0.013618 seconds
  Import took 0.017731 seconds .

========================================================================
Received Prepare
Registering precompiled user dll's ...
Registered in 0.001019 seconds.
Begin MonoManager ReloadAssembly
Native extension for WindowsStandalone target not found
Native extension for WebGL target not found
Refreshing native plugins compatible for Editor in 0.51 ms, found 0 plugins.
Preloading 0 native plugins for Editor in 0.00 ms.
Invoked RoslynAnalysisRunner static constructor.
RoslynAnalysisRunner will not be running.
RoslynAnalysisRunner has terminated.
Mono: successfully reloaded assembly
- Completed reload, in  0.905 seconds
Platform modules already initialized, skipping
Shader 'Universal Render Pipeline/Particles/Lit': fallback shader 'Universal Render Pipeline/Particles/SimpleLit' not found
Refreshing native plugins compatible for Editor in 0.62 ms, found 0 plugins.
Preloading 0 native plugins for Editor in 0.00 ms.
Unloading 2355 Unused Serialized files (Serialized files now loaded: 0)
System memory in use before: 110.1 MB.
System memory in use after: 110.3 MB.

Unloading 6 unused Assets to reduce memory usage. Loaded Objects now: 2976.
Total: 2.891700 ms (FindLiveObjects: 0.362200 ms CreateObjectMapping: 0.083500 ms MarkObjects: 2.357800 ms  DeleteObjects: 0.087000 ms)

========================================================================
Received Import Request.
  Time since last request: 228.818731 seconds.
  path: Assets/Mankeys_sushishop/Materials/Mahgnkey_eyes_mat.mat
  artifactKey: Guid(c9a57a9f76775f042ba9e3440470ec5e) Importer(815301076,1909f56bfc062723c751e8b465ee728b)
Start importing Assets/Mankeys_sushishop/Materials/Mahgnkey_eyes_mat.mat using Guid(c9a57a9f76775f042ba9e3440470ec5e) Importer(815301076,1909f56bfc062723c751e8b465ee728b)  -> (artifact id: '143a072c8e95fcd7037b72f588f78056') in 0.064471 seconds
  Import took 0.068442 seconds .

========================================================================
Received Import Request.
  Time since last request: 0.000216 seconds.
  path: Assets/Mankeys_sushishop/Materials/Monkey_1.mat
  artifactKey: Guid(3c7a62b1655fdf346a111a8b9987a3f2) Importer(815301076,1909f56bfc062723c751e8b465ee728b)
Start importing Assets/Mankeys_sushishop/Materials/Monkey_1.mat using Guid(3c7a62b1655fdf346a111a8b9987a3f2) Importer(815301076,1909f56bfc062723c751e8b465ee728b)  -> (artifact id: '2dc9a78304987dadcbb0fbea62be45ce') in 0.109919 seconds
  Import took 0.113310 seconds .

========================================================================
Received Import Request.
  Time since last request: 7.939684 seconds.
  path: Assets/Materials/New Material.mat
  artifactKey: Guid(67daef102054227439732158d415bf09) Importer(815301076,1909f56bfc062723c751e8b465ee728b)
Start importing Assets/Materials/New Material.mat using Guid(67daef102054227439732158d415bf09) Importer(815301076,1909f56bfc062723c751e8b465ee728b)  -> (artifact id: '654a68a433da92af73dbf3e870059d58') in 0.008091 seconds
  Import took 0.011784 seconds .

========================================================================
Received Prepare
Registering precompiled user dll's ...
Registered in 0.001037 seconds.
Begin MonoManager ReloadAssembly
Native extension for WindowsStandalone target not found
Native extension for WebGL target not found
Refreshing native plugins compatible for Editor in 0.57 ms, found 0 plugins.
Preloading 0 native plugins for Editor in 0.00 ms.
Invoked RoslynAnalysisRunner static constructor.
RoslynAnalysisRunner will not be running.
RoslynAnalysisRunner has terminated.
Mono: successfully reloaded assembly
- Completed reload, in  0.898 seconds
Platform modules already initialized, skipping
Shader 'Universal Render Pipeline/Particles/Lit': fallback shader 'Universal Render Pipeline/Particles/SimpleLit' not found
Refreshing native plugins compatible for Editor in 0.74 ms, found 0 plugins.
Preloading 0 native plugins for Editor in 0.00 ms.
Unloading 2353 Unused Serialized files (Serialized files now loaded: 0)
System memory in use before: 110.0 MB.
System memory in use after: 110.2 MB.

Unloading 6 unused Assets to reduce memory usage. Loaded Objects now: 2980.
Total: 2.348900 ms (FindLiveObjects: 0.317000 ms CreateObjectMapping: 0.067300 ms MarkObjects: 1.883600 ms  DeleteObjects: 0.079100 ms)

========================================================================
Received Prepare
Registering precompiled user dll's ...
Registered in 0.001053 seconds.
Begin MonoManager ReloadAssembly
Native extension for WindowsStandalone target not found
Native extension for WebGL target not found
Refreshing native plugins compatible for Editor in 0.42 ms, found 0 plugins.
Preloading 0 native plugins for Editor in 0.00 ms.
Invoked RoslynAnalysisRunner static constructor.
RoslynAnalysisRunner will not be running.
RoslynAnalysisRunner has terminated.
Mono: successfully reloaded assembly
- Completed reload, in  0.919 seconds
Platform modules already initialized, skipping
Shader 'Universal Render Pipeline/Particles/Lit': fallback shader 'Universal Render Pipeline/Particles/SimpleLit' not found
Refreshing native plugins compatible for Editor in 0.52 ms, found 0 plugins.
Preloading 0 native plugins for Editor in 0.00 ms.
Unloading 2353 Unused Serialized files (Serialized files now loaded: 0)
System memory in use before: 110.0 MB.
System memory in use after: 110.2 MB.

Unloading 6 unused Assets to reduce memory usage. Loaded Objects now: 2983.
Total: 2.212700 ms (FindLiveObjects: 0.313500 ms CreateObjectMapping: 0.068300 ms MarkObjects: 1.751100 ms  DeleteObjects: 0.078900 ms)

AssetImportWorkerClient::OnTransportError - code=2 error=End of file
