Using pre-set license
Built from '2020.3/release' branch; Version is '2020.3.1f1 (77a89f25062f) revision 7841951'; Using compiler version '192528614'; Build Type 'Release'
OS: 'Windows 10 Pro; OS build 18362.592; Version 1903; 64bit' Language: 'en' Physical Memory: 16335 MB
BatchMode: 1, IsHumanControllingUs: 0, StartBugReporterOnCrash: 0, Is64bit: 1, IsPro: 0

 COMMAND LINE ARGUMENTS:
C:\Program Files\Unity\Hub\Editor\2020.3.1f1\Editor\Unity.exe
-adb2
-batchMode
-noUpm
-name
AssetImportWorker1
-projectPath
E:/gamedev/gitstuff/CIS410-MonkeyGame/CIS410-MonkeyGame/Monkey Game
-logFile
Logs/AssetImportWorker1.log
-srvPort
60638
Successfully changed project path to: E:/gamedev/gitstuff/CIS410-MonkeyGame/CIS410-MonkeyGame/Monkey Game
E:/gamedev/gitstuff/CIS410-MonkeyGame/CIS410-MonkeyGame/Monkey Game
Using Asset Import Pipeline V2.
Refreshing native plugins compatible for Editor in 60.05 ms, found 0 plugins.
Preloading 0 native plugins for Editor in 0.00 ms.
Initialize engine version: 2020.3.1f1 (77a89f25062f)
[Subsystems] Discovering subsystems at path C:/Program Files/Unity/Hub/Editor/2020.3.1f1/Editor/Data/Resources/UnitySubsystems
[Subsystems] Discovering subsystems at path E:/gamedev/gitstuff/CIS410-MonkeyGame/CIS410-MonkeyGame/Monkey Game/Assets
GfxDevice: creating device client; threaded=0
Direct3D:
    Version:  Direct3D 11.0 [level 11.1]
    Renderer: NVIDIA GeForce RTX 3070 (ID=0x2484)
    Vendor:   
    VRAM:     8043 MB
    Driver:   27.21.14.6140
Initialize mono
Mono path[0] = 'C:/Program Files/Unity/Hub/Editor/2020.3.1f1/Editor/Data/Managed'
Mono path[1] = 'C:/Program Files/Unity/Hub/Editor/2020.3.1f1/Editor/Data/MonoBleedingEdge/lib/mono/unityjit'
Mono config path = 'C:/Program Files/Unity/Hub/Editor/2020.3.1f1/Editor/Data/MonoBleedingEdge/etc'
Using monoOptions --debugger-agent=transport=dt_socket,embedding=1,server=y,suspend=n,address=127.0.0.1:56188
Begin MonoManager ReloadAssembly
Registering precompiled unity dll's ...
Register platform support module: C:/Program Files/Unity/Hub/Editor/2020.3.1f1/Editor/Data/PlaybackEngines/WebGLSupport/UnityEditor.WebGL.Extensions.dll
Register platform support module: C:/Program Files/Unity/Hub/Editor/2020.3.1f1/Editor/Data/PlaybackEngines/WindowsStandaloneSupport/UnityEditor.WindowsStandalone.Extensions.dll
Registered in 0.003711 seconds.
Native extension for WindowsStandalone target not found
Native extension for WebGL target not found
Refreshing native plugins compatible for Editor in 62.12 ms, found 0 plugins.
Preloading 0 native plugins for Editor in 0.00 ms.
Invoked RoslynAnalysisRunner static constructor.
RoslynAnalysisRunner will not be running.
RoslynAnalysisRunner has terminated.
Mono: successfully reloaded assembly
- Completed reload, in  1.811 seconds
Platform modules already initialized, skipping
Registering precompiled user dll's ...
Registered in 0.003102 seconds.
Begin MonoManager ReloadAssembly
Native extension for WindowsStandalone target not found
Native extension for WebGL target not found
Refreshing native plugins compatible for Editor in 62.80 ms, found 0 plugins.
Preloading 0 native plugins for Editor in 0.00 ms.
Invoked RoslynAnalysisRunner static constructor.
RoslynAnalysisRunner will not be running.
RoslynAnalysisRunner has terminated.
Mono: successfully reloaded assembly
- Completed reload, in  1.319 seconds
Platform modules already initialized, skipping
========================================================================
Worker process is ready to serve import requests
Shader 'Universal Render Pipeline/Particles/Lit': fallback shader 'Universal Render Pipeline/Particles/SimpleLit' not found
Shader 'Universal Render Pipeline/Particles/Lit': fallback shader 'Universal Render Pipeline/Particles/SimpleLit' not found
Launched and connected shader compiler UnityShaderCompiler.exe after 0.09 seconds
Refreshing native plugins compatible for Editor in 0.48 ms, found 0 plugins.
Preloading 0 native plugins for Editor in 0.00 ms.
Unloading 2419 Unused Serialized files (Serialized files now loaded: 0)
System memory in use before: 109.5 MB.
System memory in use after: 106.1 MB.

Unloading 62 unused Assets to reduce memory usage. Loaded Objects now: 2811.
Total: 5.309400 ms (FindLiveObjects: 0.340200 ms CreateObjectMapping: 0.073800 ms MarkObjects: 2.706100 ms  DeleteObjects: 2.187500 ms)

========================================================================
Received Import Request.
  path: Assets/Mankeys_sushishop/Standard Assets/Characters/ThirdPersonCharacter/Scripts/ThirdPersonCharacter.cs
  artifactKey: Guid(ce7a80d520cacc042b5fe14f373d8173) Importer(815301076,1909f56bfc062723c751e8b465ee728b)
Start importing Assets/Mankeys_sushishop/Standard Assets/Characters/ThirdPersonCharacter/Scripts/ThirdPersonCharacter.cs using Guid(ce7a80d520cacc042b5fe14f373d8173) Importer(815301076,1909f56bfc062723c751e8b465ee728b)  -> (artifact id: 'a368191d167af819b7b6192bad9c960f') in 0.043025 seconds
  Import took 0.068254 seconds .

========================================================================
Received Import Request.
  Time since last request: 0.000304 seconds.
  path: Assets/Mankeys_sushishop/Standard Assets/Characters/ThirdPersonCharacter/Scripts/ThirdPersonUserControl.cs
  artifactKey: Guid(521b611700410be45810047f0a74e899) Importer(815301076,1909f56bfc062723c751e8b465ee728b)
Start importing Assets/Mankeys_sushishop/Standard Assets/Characters/ThirdPersonCharacter/Scripts/ThirdPersonUserControl.cs using Guid(521b611700410be45810047f0a74e899) Importer(815301076,1909f56bfc062723c751e8b465ee728b)  -> (artifact id: 'bc12772550c6a44a7e6f6b01aa7d9062') in 0.004489 seconds
  Import took 0.030860 seconds .

========================================================================
Received Import Request.
  Time since last request: 39.748521 seconds.
  path: Assets/CrunchedTextures/Monkey_diff_eye_tex1.jpg
  artifactKey: Guid(3885e92444a515a4f9fe288ceca77589) Importer(815301076,1909f56bfc062723c751e8b465ee728b)
Start importing Assets/CrunchedTextures/Monkey_diff_eye_tex1.jpg using Guid(3885e92444a515a4f9fe288ceca77589) Importer(815301076,1909f56bfc062723c751e8b465ee728b)  -> (artifact id: '3278098269b51a7218587e8615a9b6e3') in 0.625763 seconds
  Import took 0.662816 seconds .

========================================================================
Received Import Request.
  Time since last request: 0.000260 seconds.
  path: Assets/CrunchedTextures/rock_normal.png
  artifactKey: Guid(e275a95de56ac134cbecbfe9dfb96500) Importer(815301076,1909f56bfc062723c751e8b465ee728b)
Start importing Assets/CrunchedTextures/rock_normal.png using Guid(e275a95de56ac134cbecbfe9dfb96500) Importer(815301076,1909f56bfc062723c751e8b465ee728b)  -> (artifact id: '77a8a0a0f9770e4f692030ee22d1988b') in 0.085537 seconds
  Import took 0.114421 seconds .

========================================================================
Received Import Request.
  Time since last request: 0.000257 seconds.
  path: Assets/CrunchedTextures/sidewalk.png
  artifactKey: Guid(335d3aa9de740c44bbbb41e99c44c3c8) Importer(815301076,1909f56bfc062723c751e8b465ee728b)
Start importing Assets/CrunchedTextures/sidewalk.png using Guid(335d3aa9de740c44bbbb41e99c44c3c8) Importer(815301076,1909f56bfc062723c751e8b465ee728b)  -> (artifact id: '35256edcd3403a49690341296328e766') in 0.039061 seconds
  Import took 0.063076 seconds .

========================================================================
Received Import Request.
  Time since last request: 0.000206 seconds.
  path: Assets/CrunchedTextures/Monkey_diff_texture0.png
  artifactKey: Guid(83b7438e485c99440b89f7ef4fa70e58) Importer(815301076,1909f56bfc062723c751e8b465ee728b)
Start importing Assets/CrunchedTextures/Monkey_diff_texture0.png using Guid(83b7438e485c99440b89f7ef4fa70e58) Importer(815301076,1909f56bfc062723c751e8b465ee728b)  -> (artifact id: '65aed24c4cb0d32edaf0cdc36d74f5ff') in 0.123459 seconds
  Import took 0.144288 seconds .

========================================================================
Received Import Request.
  Time since last request: 0.000235 seconds.
  path: Assets/CrunchedTextures/rock.png
  artifactKey: Guid(0bd79f5a34f7dfc41957ff2c934f825b) Importer(815301076,1909f56bfc062723c751e8b465ee728b)
Start importing Assets/CrunchedTextures/rock.png using Guid(0bd79f5a34f7dfc41957ff2c934f825b) Importer(815301076,1909f56bfc062723c751e8b465ee728b)  -> (artifact id: '49440858be4623d734f3d1b495bd60f0') in 0.011352 seconds
  Import took 0.035886 seconds .

========================================================================
Received Import Request.
  Time since last request: 0.000257 seconds.
  path: Assets/CrunchedTextures/Monkey_diff_tex_asym.png
  artifactKey: Guid(8fb758a8f13c1a04da60e77ad546d41f) Importer(815301076,1909f56bfc062723c751e8b465ee728b)
Start importing Assets/CrunchedTextures/Monkey_diff_tex_asym.png using Guid(8fb758a8f13c1a04da60e77ad546d41f) Importer(815301076,1909f56bfc062723c751e8b465ee728b)  -> (artifact id: 'd0b76fd6370e5cc5ba4f631dfacfce06') in 0.115285 seconds
  Import took 0.133245 seconds .

========================================================================
Received Prepare
Registering precompiled user dll's ...
Registered in 0.003576 seconds.
Begin MonoManager ReloadAssembly
Native extension for WindowsStandalone target not found
Native extension for WebGL target not found
Refreshing native plugins compatible for Editor in 0.77 ms, found 0 plugins.
Preloading 0 native plugins for Editor in 0.00 ms.
Invoked RoslynAnalysisRunner static constructor.
RoslynAnalysisRunner will not be running.
RoslynAnalysisRunner has terminated.
Mono: successfully reloaded assembly
- Completed reload, in  1.183 seconds
Platform modules already initialized, skipping
Shader 'Universal Render Pipeline/Particles/Lit': fallback shader 'Universal Render Pipeline/Particles/SimpleLit' not found
Shader 'Universal Render Pipeline/Particles/Lit': fallback shader 'Universal Render Pipeline/Particles/SimpleLit' not found
Refreshing native plugins compatible for Editor in 0.51 ms, found 0 plugins.
Preloading 0 native plugins for Editor in 0.00 ms.
Unloading 2404 Unused Serialized files (Serialized files now loaded: 0)
System memory in use before: 111.7 MB.
System memory in use after: 108.4 MB.

Unloading 57 unused Assets to reduce memory usage. Loaded Objects now: 2819.
Total: 5.884400 ms (FindLiveObjects: 0.362800 ms CreateObjectMapping: 0.085000 ms MarkObjects: 2.152900 ms  DeleteObjects: 3.281600 ms)

========================================================================
Received Prepare
Registering precompiled user dll's ...
Registered in 0.003312 seconds.
Begin MonoManager ReloadAssembly
Native extension for WindowsStandalone target not found
Native extension for WebGL target not found
Refreshing native plugins compatible for Editor in 0.93 ms, found 0 plugins.
Preloading 0 native plugins for Editor in 0.00 ms.
Invoked RoslynAnalysisRunner static constructor.
RoslynAnalysisRunner will not be running.
RoslynAnalysisRunner has terminated.
Mono: successfully reloaded assembly
- Completed reload, in  1.246 seconds
Platform modules already initialized, skipping
Shader 'Universal Render Pipeline/Particles/Lit': fallback shader 'Universal Render Pipeline/Particles/SimpleLit' not found
Shader 'Universal Render Pipeline/Particles/Lit': fallback shader 'Universal Render Pipeline/Particles/SimpleLit' not found
Refreshing native plugins compatible for Editor in 1.08 ms, found 0 plugins.
Preloading 0 native plugins for Editor in 0.00 ms.
Unloading 2404 Unused Serialized files (Serialized files now loaded: 0)
System memory in use before: 111.8 MB.
System memory in use after: 108.4 MB.

Unloading 57 unused Assets to reduce memory usage. Loaded Objects now: 2822.
Total: 6.737700 ms (FindLiveObjects: 0.619000 ms CreateObjectMapping: 0.148600 ms MarkObjects: 2.936100 ms  DeleteObjects: 3.030900 ms)

========================================================================
Received Import Request.
  Time since last request: 338.708493 seconds.
  path: Assets/Mankeys_sushishop/Standard Assets/Characters/ThirdPersonCharacter/Scripts/AICharacterControl.cs
  artifactKey: Guid(8c5335f0882fe4d478883cc8c58ce906) Importer(815301076,1909f56bfc062723c751e8b465ee728b)
Start importing Assets/Mankeys_sushishop/Standard Assets/Characters/ThirdPersonCharacter/Scripts/AICharacterControl.cs using Guid(8c5335f0882fe4d478883cc8c58ce906) Importer(815301076,1909f56bfc062723c751e8b465ee728b)  -> (artifact id: '72f0e9d2d730cb140929d0d0e88cefb8') in 0.010411 seconds
  Import took 0.016099 seconds .

========================================================================
Received Prepare
Registering precompiled user dll's ...
Registered in 0.002731 seconds.
Begin MonoManager ReloadAssembly
Native extension for WindowsStandalone target not found
Native extension for WebGL target not found
Refreshing native plugins compatible for Editor in 0.59 ms, found 0 plugins.
Preloading 0 native plugins for Editor in 0.00 ms.
Invoked RoslynAnalysisRunner static constructor.
RoslynAnalysisRunner will not be running.
RoslynAnalysisRunner has terminated.
Mono: successfully reloaded assembly
- Completed reload, in  1.192 seconds
Platform modules already initialized, skipping
Shader 'Universal Render Pipeline/Particles/Lit': fallback shader 'Universal Render Pipeline/Particles/SimpleLit' not found
Shader 'Universal Render Pipeline/Particles/Lit': fallback shader 'Universal Render Pipeline/Particles/SimpleLit' not found
Refreshing native plugins compatible for Editor in 0.55 ms, found 0 plugins.
Preloading 0 native plugins for Editor in 0.00 ms.
Unloading 2404 Unused Serialized files (Serialized files now loaded: 0)
System memory in use before: 111.8 MB.
System memory in use after: 108.4 MB.

Unloading 57 unused Assets to reduce memory usage. Loaded Objects now: 2825.
Total: 5.015200 ms (FindLiveObjects: 0.347800 ms CreateObjectMapping: 0.075700 ms MarkObjects: 2.132800 ms  DeleteObjects: 2.457400 ms)

========================================================================
Received Import Request.
  Time since last request: 302.056971 seconds.
  path: Assets/PSXEffects/Scripts
  artifactKey: Guid(1887a7b585367304a96f6229fc69afff) Importer(815301076,1909f56bfc062723c751e8b465ee728b)
Start importing Assets/PSXEffects/Scripts using Guid(1887a7b585367304a96f6229fc69afff) Importer(815301076,1909f56bfc062723c751e8b465ee728b)  -> (artifact id: '06f55af7e27bab28a55eb56cebd7c5ee') in 0.010108 seconds
  Import took 0.038651 seconds .

========================================================================
Received Import Request.
  Time since last request: 40.911337 seconds.
  path: Assets/Animator/ThirdPersonAnimatorController.controller
  artifactKey: Guid(e2cf68ff4b1ffda45a77f7307dd789b9) Importer(815301076,1909f56bfc062723c751e8b465ee728b)
Start importing Assets/Animator/ThirdPersonAnimatorController.controller using Guid(e2cf68ff4b1ffda45a77f7307dd789b9) Importer(815301076,1909f56bfc062723c751e8b465ee728b)  -> (artifact id: '4b46e5df83fb2787bb2156741becd8de') in 0.590660 seconds
  Import took 0.618213 seconds .

========================================================================
Received Import Request.
  Time since last request: 11.739363 seconds.
  path: Assets/Mankeys_sushishop/Animation_Controller_GAME
  artifactKey: Guid(cb56aceee9dc213418e3419a814729cb) Importer(815301076,1909f56bfc062723c751e8b465ee728b)
Start importing Assets/Mankeys_sushishop/Animation_Controller_GAME using Guid(cb56aceee9dc213418e3419a814729cb) Importer(815301076,1909f56bfc062723c751e8b465ee728b)  -> (artifact id: '525d21ff7f2d8537e2e7b8016292192e') in 0.008428 seconds
  Import took 0.034273 seconds .

========================================================================
Received Import Request.
  Time since last request: 2.229396 seconds.
  path: Assets/Mankeys_sushishop/Animation_Controller_GAME/Monkey_MainChar.controller
  artifactKey: Guid(4797a78e8d865854e8f42f20cb0f8f66) Importer(815301076,1909f56bfc062723c751e8b465ee728b)
Start importing Assets/Mankeys_sushishop/Animation_Controller_GAME/Monkey_MainChar.controller using Guid(4797a78e8d865854e8f42f20cb0f8f66) Importer(815301076,1909f56bfc062723c751e8b465ee728b)  -> (artifact id: 'c2a4319d43d0e08f15f914526a03d47d') in 0.672923 seconds
  Import took 0.694002 seconds .

========================================================================
Received Prepare
Registering precompiled user dll's ...
Registered in 0.002675 seconds.
Begin MonoManager ReloadAssembly
Native extension for WindowsStandalone target not found
Native extension for WebGL target not found
Refreshing native plugins compatible for Editor in 0.52 ms, found 0 plugins.
Preloading 0 native plugins for Editor in 0.00 ms.
Invoked RoslynAnalysisRunner static constructor.
RoslynAnalysisRunner will not be running.
RoslynAnalysisRunner has terminated.
Mono: successfully reloaded assembly
- Completed reload, in  1.260 seconds
Platform modules already initialized, skipping
Shader 'Universal Render Pipeline/Particles/Lit': fallback shader 'Universal Render Pipeline/Particles/SimpleLit' not found
Shader 'Universal Render Pipeline/Particles/Lit': fallback shader 'Universal Render Pipeline/Particles/SimpleLit' not found
Refreshing native plugins compatible for Editor in 0.54 ms, found 0 plugins.
Preloading 0 native plugins for Editor in 0.00 ms.
Unloading 2404 Unused Serialized files (Serialized files now loaded: 0)
System memory in use before: 111.8 MB.
System memory in use after: 108.5 MB.

Unloading 57 unused Assets to reduce memory usage. Loaded Objects now: 2828.
Total: 6.141800 ms (FindLiveObjects: 0.423500 ms CreateObjectMapping: 0.090100 ms MarkObjects: 2.962300 ms  DeleteObjects: 2.664100 ms)

========================================================================
Received Prepare
Registering precompiled user dll's ...
Registered in 0.003319 seconds.
Begin MonoManager ReloadAssembly
Native extension for WindowsStandalone target not found
Native extension for WebGL target not found
Refreshing native plugins compatible for Editor in 0.53 ms, found 0 plugins.
Preloading 0 native plugins for Editor in 0.00 ms.
Invoked RoslynAnalysisRunner static constructor.
RoslynAnalysisRunner will not be running.
RoslynAnalysisRunner has terminated.
Mono: successfully reloaded assembly
- Completed reload, in  1.154 seconds
Platform modules already initialized, skipping
Shader 'Universal Render Pipeline/Particles/Lit': fallback shader 'Universal Render Pipeline/Particles/SimpleLit' not found
Shader 'Universal Render Pipeline/Particles/Lit': fallback shader 'Universal Render Pipeline/Particles/SimpleLit' not found
Refreshing native plugins compatible for Editor in 0.51 ms, found 0 plugins.
Preloading 0 native plugins for Editor in 0.00 ms.
Unloading 2404 Unused Serialized files (Serialized files now loaded: 0)
System memory in use before: 111.8 MB.
System memory in use after: 108.4 MB.

Unloading 57 unused Assets to reduce memory usage. Loaded Objects now: 2831.
Total: 6.396900 ms (FindLiveObjects: 0.369000 ms CreateObjectMapping: 0.079600 ms MarkObjects: 2.840700 ms  DeleteObjects: 3.105600 ms)

========================================================================
Received Import Request.
  Time since last request: 441.865905 seconds.
  path: Assets/Animator/monkey_pristine.controller
  artifactKey: Guid(36b74522e53111d4ba6dcf0bf11ec01e) Importer(815301076,1909f56bfc062723c751e8b465ee728b)
Start importing Assets/Animator/monkey_pristine.controller using Guid(36b74522e53111d4ba6dcf0bf11ec01e) Importer(815301076,1909f56bfc062723c751e8b465ee728b)  -> (artifact id: 'ea45168864584e34397c49d3549d2d97') in 0.048100 seconds
  Import took 0.157472 seconds .

========================================================================
Received Prepare
Registering precompiled user dll's ...
Registered in 0.002821 seconds.
Begin MonoManager ReloadAssembly
Native extension for WindowsStandalone target not found
Native extension for WebGL target not found
Refreshing native plugins compatible for Editor in 0.51 ms, found 0 plugins.
Preloading 0 native plugins for Editor in 0.00 ms.
Invoked RoslynAnalysisRunner static constructor.
RoslynAnalysisRunner will not be running.
RoslynAnalysisRunner has terminated.
Mono: successfully reloaded assembly
- Completed reload, in  1.224 seconds
Platform modules already initialized, skipping
Shader 'Universal Render Pipeline/Particles/Lit': fallback shader 'Universal Render Pipeline/Particles/SimpleLit' not found
Shader 'Universal Render Pipeline/Particles/Lit': fallback shader 'Universal Render Pipeline/Particles/SimpleLit' not found
Refreshing native plugins compatible for Editor in 0.50 ms, found 0 plugins.
Preloading 0 native plugins for Editor in 0.00 ms.
Unloading 2404 Unused Serialized files (Serialized files now loaded: 0)
System memory in use before: 111.9 MB.
System memory in use after: 108.5 MB.

Unloading 57 unused Assets to reduce memory usage. Loaded Objects now: 2834.
Total: 6.653500 ms (FindLiveObjects: 0.429700 ms CreateObjectMapping: 0.096700 ms MarkObjects: 3.302300 ms  DeleteObjects: 2.822700 ms)

========================================================================
Received Import Request.
  Time since last request: 791.217320 seconds.
  path: Assets/PSXEffects/SampleTextures/Materials/trunk.mat
  artifactKey: Guid(44b736fac239f4d498e3afaf5224fb72) Importer(815301076,1909f56bfc062723c751e8b465ee728b)
Start importing Assets/PSXEffects/SampleTextures/Materials/trunk.mat using Guid(44b736fac239f4d498e3afaf5224fb72) Importer(815301076,1909f56bfc062723c751e8b465ee728b)  -> (artifact id: '6166b89d3bfcb9f1dcecee1125783dfd') in 0.330576 seconds
  Import took 0.368906 seconds .

========================================================================
Received Import Request.
  Time since last request: 0.224399 seconds.
  path: Assets/Mankeys_sushishop/Standard Assets/Effects/ToonShading/Materials/ToonLitOutline.mat
  artifactKey: Guid(5d69df9d9d11e49d110086ba44295342) Importer(815301076,1909f56bfc062723c751e8b465ee728b)
Start importing Assets/Mankeys_sushishop/Standard Assets/Effects/ToonShading/Materials/ToonLitOutline.mat using Guid(5d69df9d9d11e49d110086ba44295342) Importer(815301076,1909f56bfc062723c751e8b465ee728b)  -> (artifact id: '40b4a9947d8f83b9f206ed77da66661e') in 0.190250 seconds
  Import took 0.224538 seconds .

========================================================================
Received Import Request.
  Time since last request: 0.000295 seconds.
  path: Assets/Mankeys_sushishop/Standard Assets/Effects/ToonShading/Materials/ToonBasic.mat
  artifactKey: Guid(84b9e1d19d11078d11005b9844295342) Importer(815301076,1909f56bfc062723c751e8b465ee728b)
Start importing Assets/Mankeys_sushishop/Standard Assets/Effects/ToonShading/Materials/ToonBasic.mat using Guid(84b9e1d19d11078d11005b9844295342) Importer(815301076,1909f56bfc062723c751e8b465ee728b)  -> (artifact id: '108b505f763ce46e0d95b9097fc36d8c') in 0.059746 seconds
  Import took 0.088058 seconds .

========================================================================
Received Import Request.
  Time since last request: 0.000281 seconds.
  path: Assets/Mankeys_sushishop/Standard Assets/Effects/ToonShading/Materials/ToonBasicOutline.mat
  artifactKey: Guid(215977489d11178d11005b9844295342) Importer(815301076,1909f56bfc062723c751e8b465ee728b)
Start importing Assets/Mankeys_sushishop/Standard Assets/Effects/ToonShading/Materials/ToonBasicOutline.mat using Guid(215977489d11178d11005b9844295342) Importer(815301076,1909f56bfc062723c751e8b465ee728b)  -> (artifact id: '08a86749b7e346d045ff922f7f3310a6') in 0.036896 seconds
  Import took 0.059829 seconds .

========================================================================
Received Import Request.
  Time since last request: 0.000276 seconds.
  path: Assets/Mankeys_sushishop/Standard Assets/Effects/ToonShading/Materials/ToonLit.mat
  artifactKey: Guid(c9e6294c9d11cb8d11006bf944295342) Importer(815301076,1909f56bfc062723c751e8b465ee728b)
Start importing Assets/Mankeys_sushishop/Standard Assets/Effects/ToonShading/Materials/ToonLit.mat using Guid(c9e6294c9d11cb8d11006bf944295342) Importer(815301076,1909f56bfc062723c751e8b465ee728b)  -> (artifact id: '8130e5b98e50cc42ceb2fb6b286e52ac') in 0.015150 seconds
  Import took 0.031911 seconds .

========================================================================
Received Import Request.
  Time since last request: 0.000234 seconds.
  path: Assets/PSXEffects/SampleTextures/Materials/Transparent.mat
  artifactKey: Guid(d2767cf7d976a6d4fbbe3ba9d4ceae53) Importer(815301076,1909f56bfc062723c751e8b465ee728b)
Start importing Assets/PSXEffects/SampleTextures/Materials/Transparent.mat using Guid(d2767cf7d976a6d4fbbe3ba9d4ceae53) Importer(815301076,1909f56bfc062723c751e8b465ee728b)  -> (artifact id: '8b2531aa2be118faec63940c775308f8') in 0.252690 seconds
  Import took 0.273100 seconds .

========================================================================
Received Import Request.
  Time since last request: 0.237745 seconds.
  path: Assets/PSXEffects/SampleTextures/Materials/Shadow.mat
  artifactKey: Guid(c5ae840b7f73d9a4cbbde76208049773) Importer(815301076,1909f56bfc062723c751e8b465ee728b)
Start importing Assets/PSXEffects/SampleTextures/Materials/Shadow.mat using Guid(c5ae840b7f73d9a4cbbde76208049773) Importer(815301076,1909f56bfc062723c751e8b465ee728b)  -> (artifact id: '29cd33e13b47d581971fcf57e5705de3') in 0.153476 seconds
  Import took 0.158180 seconds .

========================================================================
Received Import Request.
  Time since last request: 0.000257 seconds.
  path: Assets/PSXEffects/SampleTextures/Materials/sidewalk.mat
  artifactKey: Guid(af31e888150f97d4b814727bcbee851b) Importer(815301076,1909f56bfc062723c751e8b465ee728b)
Start importing Assets/PSXEffects/SampleTextures/Materials/sidewalk.mat using Guid(af31e888150f97d4b814727bcbee851b) Importer(815301076,1909f56bfc062723c751e8b465ee728b)  -> (artifact id: '35906336541bc244cf722d1fae682fc2') in 0.161367 seconds
  Import took 0.166468 seconds .

========================================================================
Received Import Request.
  Time since last request: 0.609855 seconds.
  path: Assets/PSXEffects/SampleTextures/Materials/Red.mat
  artifactKey: Guid(c2343cb83154e7f4096389e336e1c2fe) Importer(815301076,1909f56bfc062723c751e8b465ee728b)
Start importing Assets/PSXEffects/SampleTextures/Materials/Red.mat using Guid(c2343cb83154e7f4096389e336e1c2fe) Importer(815301076,1909f56bfc062723c751e8b465ee728b)  -> (artifact id: '845263cc4d8b177e3591c89a9f76adde') in 0.017491 seconds
  Import took 0.022635 seconds .

========================================================================
Received Import Request.
  Time since last request: 0.000319 seconds.
  path: Assets/PSXEffects/SampleTextures/Materials/PSX Gray.mat
  artifactKey: Guid(c2135166fa894924e93988b1d60c2634) Importer(815301076,1909f56bfc062723c751e8b465ee728b)
Start importing Assets/PSXEffects/SampleTextures/Materials/PSX Gray.mat using Guid(c2135166fa894924e93988b1d60c2634) Importer(815301076,1909f56bfc062723c751e8b465ee728b)  -> (artifact id: 'f36dc1ff69ccce7bacee23dee347d426') in 0.018980 seconds
  Import took 0.023997 seconds .

========================================================================
Received Import Request.
  Time since last request: 0.000248 seconds.
  path: Assets/PSXEffects/SampleTextures/Materials/rock.mat
  artifactKey: Guid(e9ced2433d4471c4f868cf8c422c3da2) Importer(815301076,1909f56bfc062723c751e8b465ee728b)
Start importing Assets/PSXEffects/SampleTextures/Materials/rock.mat using Guid(e9ced2433d4471c4f868cf8c422c3da2) Importer(815301076,1909f56bfc062723c751e8b465ee728b)  -> (artifact id: '5e3e86fd00b619650a3258a908fe55a2') in 0.025957 seconds
  Import took 0.046518 seconds .

========================================================================
Received Import Request.
  Time since last request: 0.001446 seconds.
  path: Assets/PSXEffects/SampleTextures/Materials/rock.mat
  artifactKey: Guid(e9ced2433d4471c4f868cf8c422c3da2) Importer(815301076,1909f56bfc062723c751e8b465ee728b)
Start importing Assets/PSXEffects/SampleTextures/Materials/rock.mat using Guid(e9ced2433d4471c4f868cf8c422c3da2) Importer(815301076,1909f56bfc062723c751e8b465ee728b)  -> (artifact id: '5e3e86fd00b619650a3258a908fe55a2') in 0.013398 seconds
  Import took 0.031020 seconds .

========================================================================
Received Import Request.
  Time since last request: 0.030155 seconds.
  path: Assets/Materials/New Material.mat
  artifactKey: Guid(67daef102054227439732158d415bf09) Importer(815301076,1909f56bfc062723c751e8b465ee728b)
Start importing Assets/Materials/New Material.mat using Guid(67daef102054227439732158d415bf09) Importer(815301076,1909f56bfc062723c751e8b465ee728b)  -> (artifact id: '5a1178ef79d6442e5cc3cb76130bfeaf') in 0.256314 seconds
  Import took 0.288206 seconds .

========================================================================
Received Import Request.
  Time since last request: 0.821681 seconds.
  path: Assets/Mankeys_sushishop/Materials/Monkey_1.mat
  artifactKey: Guid(3c7a62b1655fdf346a111a8b9987a3f2) Importer(815301076,1909f56bfc062723c751e8b465ee728b)
Start importing Assets/Mankeys_sushishop/Materials/Monkey_1.mat using Guid(3c7a62b1655fdf346a111a8b9987a3f2) Importer(815301076,1909f56bfc062723c751e8b465ee728b)  -> (artifact id: '90c67a5cddf26e3ce41e8a02c580ac11') in 0.234941 seconds
  Import took 0.273181 seconds .

========================================================================
Received Import Request.
  Time since last request: 0.994576 seconds.
  path: Assets/PSXEffects/SampleTextures/Materials/mailbox.mat
  artifactKey: Guid(4a891541ab1446a48aad1f805a568a6e) Importer(815301076,1909f56bfc062723c751e8b465ee728b)
Start importing Assets/PSXEffects/SampleTextures/Materials/mailbox.mat using Guid(4a891541ab1446a48aad1f805a568a6e) Importer(815301076,1909f56bfc062723c751e8b465ee728b)  -> (artifact id: '9d376835c9836888c908046d4af31414') in 0.080290 seconds
  Import took 0.085114 seconds .

========================================================================
Received Import Request.
  Time since last request: 0.000274 seconds.
  path: Assets/Mankeys_sushishop/Materials/Mahgnkey_eyes_mat.mat
  artifactKey: Guid(c9a57a9f76775f042ba9e3440470ec5e) Importer(815301076,1909f56bfc062723c751e8b465ee728b)
Start importing Assets/Mankeys_sushishop/Materials/Mahgnkey_eyes_mat.mat using Guid(c9a57a9f76775f042ba9e3440470ec5e) Importer(815301076,1909f56bfc062723c751e8b465ee728b)  -> (artifact id: '0425f156c86d109285d1b8df731a117a') in 0.184535 seconds
  Import took 0.189412 seconds .

========================================================================
Received Import Request.
  Time since last request: 0.386370 seconds.
  path: Assets/PSXEffects/SampleTextures/Materials/lamp.mat
  artifactKey: Guid(7dfa5606324366e45b0b2c58fcddba9c) Importer(815301076,1909f56bfc062723c751e8b465ee728b)
Start importing Assets/PSXEffects/SampleTextures/Materials/lamp.mat using Guid(7dfa5606324366e45b0b2c58fcddba9c) Importer(815301076,1909f56bfc062723c751e8b465ee728b)  -> (artifact id: 'd69c7f18472d7c1180efcf48d75abdb0') in 0.272423 seconds
  Import took 0.291818 seconds .

========================================================================
Received Import Request.
  Time since last request: 0.000279 seconds.
  path: Assets/PSXEffects/SampleTextures/Materials/leaves.mat
  artifactKey: Guid(44c95f23b9cd16640a8c11234c05ac3b) Importer(815301076,1909f56bfc062723c751e8b465ee728b)
Start importing Assets/PSXEffects/SampleTextures/Materials/leaves.mat using Guid(44c95f23b9cd16640a8c11234c05ac3b) Importer(815301076,1909f56bfc062723c751e8b465ee728b)  -> (artifact id: 'd28bc7630ee6eea02d111496c48f5803') in 0.046305 seconds
  Import took 0.065828 seconds .

========================================================================
Received Import Request.
  Time since last request: 1.657850 seconds.
  path: Assets/PSXEffects/SampleTextures/Materials/grass.mat
  artifactKey: Guid(f1de0b3bc98cdd148a356e531bdf92c3) Importer(815301076,1909f56bfc062723c751e8b465ee728b)
Start importing Assets/PSXEffects/SampleTextures/Materials/grass.mat using Guid(f1de0b3bc98cdd148a356e531bdf92c3) Importer(815301076,1909f56bfc062723c751e8b465ee728b)  -> (artifact id: 'a99d25f5d8dae23772a06b3cfbd72643') in 0.054033 seconds
  Import took 0.134427 seconds .

========================================================================
Received Import Request.
  Time since last request: 0.000208 seconds.
  path: Assets/PSXEffects/SampleTextures/Materials/fence.mat
  artifactKey: Guid(f21c1d02320ae90498fe949dc9f2db0a) Importer(815301076,1909f56bfc062723c751e8b465ee728b)
Start importing Assets/PSXEffects/SampleTextures/Materials/fence.mat using Guid(f21c1d02320ae90498fe949dc9f2db0a) Importer(815301076,1909f56bfc062723c751e8b465ee728b)  -> (artifact id: '67f8e903f4c04c1774f57447fe6ce6ab') in 0.058213 seconds
  Import took 0.074387 seconds .

========================================================================
Received Import Request.
  Time since last request: 4.712441 seconds.
  path: Assets/Mankeys_sushishop/Materials
  artifactKey: Guid(eb1b74594b9516a47a006ef1efc38135) Importer(815301076,1909f56bfc062723c751e8b465ee728b)
Start importing Assets/Mankeys_sushishop/Materials using Guid(eb1b74594b9516a47a006ef1efc38135) Importer(815301076,1909f56bfc062723c751e8b465ee728b)  -> (artifact id: '00de5ab5934636df23439795d1b4b1ad') in 0.012170 seconds
  Import took 0.036378 seconds .

========================================================================
Received Import Request.
  Time since last request: 8.310631 seconds.
  path: Assets/Mankeys_sushishop/Prefabs/Monkey_InGame.prefab
  artifactKey: Guid(2fadabbe61361554c9afaf0d89ed0584) Importer(815301076,1909f56bfc062723c751e8b465ee728b)
Start importing Assets/Mankeys_sushishop/Prefabs/Monkey_InGame.prefab using Guid(2fadabbe61361554c9afaf0d89ed0584) Importer(815301076,1909f56bfc062723c751e8b465ee728b)  -> (artifact id: 'c1dbd5ecd4d53819ae16d3595abdb199') in 0.133521 seconds
  Import took 0.139233 seconds .

========================================================================
Received Import Request.
  Time since last request: 15.279673 seconds.
  path: Assets/PSXEffects/SampleTextures/Materials/Default Shadow.mat
  artifactKey: Guid(1f5e998d7b815174c95cf1fea44c8168) Importer(815301076,1909f56bfc062723c751e8b465ee728b)
Start importing Assets/PSXEffects/SampleTextures/Materials/Default Shadow.mat using Guid(1f5e998d7b815174c95cf1fea44c8168) Importer(815301076,1909f56bfc062723c751e8b465ee728b)  -> (artifact id: '0d0649beb2ad40b87f47b3109d0abc1b') in 0.017054 seconds
  Import took 0.044109 seconds .

========================================================================
Received Import Request.
  Time since last request: 0.000281 seconds.
  path: Assets/PSXEffects/SampleTextures/Materials/dirt.mat
  artifactKey: Guid(f8c5882c0c0a4d74e9a6f1593247362b) Importer(815301076,1909f56bfc062723c751e8b465ee728b)
Start importing Assets/PSXEffects/SampleTextures/Materials/dirt.mat using Guid(f8c5882c0c0a4d74e9a6f1593247362b) Importer(815301076,1909f56bfc062723c751e8b465ee728b)  -> (artifact id: 'ce3204a89ae83c818d9e489988cc0f8a') in 0.078890 seconds
  Import took 0.097831 seconds .

========================================================================
Received Import Request.
  Time since last request: 10.533815 seconds.
  path: Assets/PSXEffects/SampleTextures/Materials/CapsuleMaterialSpecular.mat
  artifactKey: Guid(2d73a8d11c461574d9b8db4ed6b92859) Importer(815301076,1909f56bfc062723c751e8b465ee728b)
Start importing Assets/PSXEffects/SampleTextures/Materials/CapsuleMaterialSpecular.mat using Guid(2d73a8d11c461574d9b8db4ed6b92859) Importer(815301076,1909f56bfc062723c751e8b465ee728b)  -> (artifact id: 'a84c04a5bb97a3c2a958a945d456024c') in 0.168900 seconds
  Import took 0.173427 seconds .

========================================================================
Received Import Request.
  Time since last request: 0.000267 seconds.
  path: Assets/PSXEffects/SampleTextures/Materials/CapsuleMaterialSpecularG.mat
  artifactKey: Guid(f2dc875c235045d458326d15906f568f) Importer(815301076,1909f56bfc062723c751e8b465ee728b)
Start importing Assets/PSXEffects/SampleTextures/Materials/CapsuleMaterialSpecularG.mat using Guid(f2dc875c235045d458326d15906f568f) Importer(815301076,1909f56bfc062723c751e8b465ee728b)  -> (artifact id: 'b49b1025a879518cde6f3f6394a3a563') in 0.135327 seconds
  Import took 0.139676 seconds .

========================================================================
Received Import Request.
  Time since last request: 0.446504 seconds.
  path: Assets/PSXEffects/SampleTextures/Materials/CapsuleMaterialMetal.mat
  artifactKey: Guid(56de31f9601e9ff499f6c1fc782358b3) Importer(815301076,1909f56bfc062723c751e8b465ee728b)
Start importing Assets/PSXEffects/SampleTextures/Materials/CapsuleMaterialMetal.mat using Guid(56de31f9601e9ff499f6c1fc782358b3) Importer(815301076,1909f56bfc062723c751e8b465ee728b)  -> (artifact id: 'b506db511063402a4e22b76552f74a89') in 0.209444 seconds
  Import took 0.235030 seconds .

========================================================================
Received Import Request.
  Time since last request: 0.000259 seconds.
  path: Assets/PSXEffects/SampleTextures/Materials/CapsuleMaterialFrag.mat
  artifactKey: Guid(dea32ae47c9cb8f438ceca95e8658c06) Importer(815301076,1909f56bfc062723c751e8b465ee728b)
Start importing Assets/PSXEffects/SampleTextures/Materials/CapsuleMaterialFrag.mat using Guid(dea32ae47c9cb8f438ceca95e8658c06) Importer(815301076,1909f56bfc062723c751e8b465ee728b)  -> (artifact id: 'aee5a3fa41436d872496f83bcc358de0') in 0.027251 seconds
  Import took 0.060801 seconds .

========================================================================
Received Import Request.
  Time since last request: 0.000231 seconds.
  path: Assets/PSXEffects/SampleTextures/Materials/CapsuleMaterialNormal.mat
  artifactKey: Guid(f46b96898ddd43c4296b57a605574564) Importer(815301076,1909f56bfc062723c751e8b465ee728b)
Start importing Assets/PSXEffects/SampleTextures/Materials/CapsuleMaterialNormal.mat using Guid(f46b96898ddd43c4296b57a605574564) Importer(815301076,1909f56bfc062723c751e8b465ee728b)  -> (artifact id: 'dfa3be765ea7f8dc707e386a7f35e587') in 0.032574 seconds
  Import took 0.053358 seconds .

========================================================================
Received Import Request.
  Time since last request: 0.000277 seconds.
  path: Assets/PSXEffects/SampleTextures/Materials/CapsuleMaterialLOD.mat
  artifactKey: Guid(66b3f40cd9f3b7149a666a0ceff42311) Importer(815301076,1909f56bfc062723c751e8b465ee728b)
Start importing Assets/PSXEffects/SampleTextures/Materials/CapsuleMaterialLOD.mat using Guid(66b3f40cd9f3b7149a666a0ceff42311) Importer(815301076,1909f56bfc062723c751e8b465ee728b)  -> (artifact id: 'd5a5bc59c2a5c3757e2fcd652c58a024') in 0.259450 seconds
  Import took 0.275759 seconds .

========================================================================
Received Import Request.
  Time since last request: 0.113561 seconds.
  path: Assets/PSXEffects/SampleTextures/Materials/CapsuleMaterialCubemap.mat
  artifactKey: Guid(d948ef343c577744c9e9e71beffdcdec) Importer(815301076,1909f56bfc062723c751e8b465ee728b)
Start importing Assets/PSXEffects/SampleTextures/Materials/CapsuleMaterialCubemap.mat using Guid(d948ef343c577744c9e9e71beffdcdec) Importer(815301076,1909f56bfc062723c751e8b465ee728b)  -> (artifact id: '0d3ac4619acc4c2cc4b3993dfa1d7339') in 0.162373 seconds
  Import took 0.167133 seconds .

========================================================================
Received Import Request.
  Time since last request: 0.000300 seconds.
  path: Assets/PSXEffects/SampleTextures/Materials/CapsuleMaterialEmission.mat
  artifactKey: Guid(e933f7105cf7cfe40a4b2865a0fc517a) Importer(815301076,1909f56bfc062723c751e8b465ee728b)
Start importing Assets/PSXEffects/SampleTextures/Materials/CapsuleMaterialEmission.mat using Guid(e933f7105cf7cfe40a4b2865a0fc517a) Importer(815301076,1909f56bfc062723c751e8b465ee728b)  -> (artifact id: '5d2e51d85d19be34bb218e678dde5657') in 0.172077 seconds
  Import took 0.176580 seconds .

========================================================================
Received Import Request.
  Time since last request: 222.406622 seconds.
  path: Assets/PSXEffects/SampleTextures/Materials/building1.mat
  artifactKey: Guid(bdabeb2cdbed7984cae99e4ad51e96fd) Importer(815301076,1909f56bfc062723c751e8b465ee728b)
Start importing Assets/PSXEffects/SampleTextures/Materials/building1.mat using Guid(bdabeb2cdbed7984cae99e4ad51e96fd) Importer(815301076,1909f56bfc062723c751e8b465ee728b)  -> (artifact id: '7465e75ddbe3eb0d57001351f9c52318') in 0.070232 seconds
  Import took 0.092348 seconds .

========================================================================
Received Import Request.
  Time since last request: 0.000269 seconds.
  path: Assets/PSXEffects/SampleTextures/Materials/CapsuleMaterial.mat
  artifactKey: Guid(e40e91e6a5f09554281ecfd375f6d6d3) Importer(815301076,1909f56bfc062723c751e8b465ee728b)
Start importing Assets/PSXEffects/SampleTextures/Materials/CapsuleMaterial.mat using Guid(e40e91e6a5f09554281ecfd375f6d6d3) Importer(815301076,1909f56bfc062723c751e8b465ee728b)  -> (artifact id: '91205967afbc3f18e54f21f102f22abb') in 0.033520 seconds
  Import took 0.055376 seconds .

========================================================================
Received Import Request.
  Time since last request: 325.889967 seconds.
  path: Assets/Mankeys_sushishop/Skybox/dome1_skybox.mat
  artifactKey: Guid(6b0381e82648edb4497b56edfb2fbb4e) Importer(815301076,1909f56bfc062723c751e8b465ee728b)
Start importing Assets/Mankeys_sushishop/Skybox/dome1_skybox.mat using Guid(6b0381e82648edb4497b56edfb2fbb4e) Importer(815301076,1909f56bfc062723c751e8b465ee728b)  -> (artifact id: '56e149baab17c9468a6c77ccadfd235d') in 0.058978 seconds
  Import took 0.094263 seconds .

========================================================================
Received Import Request.
  Time since last request: 147.913765 seconds.
  path: Assets/Fantasy Skybox FREE/Materials
  artifactKey: Guid(e0454b514da2ecd429e000f40050d4fa) Importer(815301076,1909f56bfc062723c751e8b465ee728b)
Start importing Assets/Fantasy Skybox FREE/Materials using Guid(e0454b514da2ecd429e000f40050d4fa) Importer(815301076,1909f56bfc062723c751e8b465ee728b)  -> (artifact id: 'd60da7e5f5dfaca1bfccb10abd34c9ed') in 0.004056 seconds
  Import took 0.022688 seconds .

========================================================================
Received Import Request.
  Time since last request: 1.680689 seconds.
  path: Assets/Fantasy Skybox FREE/Materials/FS017
  artifactKey: Guid(9ae9a043594a6d741a2956119b230b43) Importer(815301076,1909f56bfc062723c751e8b465ee728b)
Start importing Assets/Fantasy Skybox FREE/Materials/FS017 using Guid(9ae9a043594a6d741a2956119b230b43) Importer(815301076,1909f56bfc062723c751e8b465ee728b)  -> (artifact id: '5985b414bd4ad93dbec0c8742c5777df') in 0.003556 seconds
  Import took 0.024756 seconds .

========================================================================
Received Import Request.
  Time since last request: 0.052812 seconds.
  path: Assets/Fantasy Skybox FREE/Materials/FS017/FS017_Sunrise.mat
  artifactKey: Guid(39d27e80110a983468075fd1868610d7) Importer(815301076,1909f56bfc062723c751e8b465ee728b)
Start importing Assets/Fantasy Skybox FREE/Materials/FS017/FS017_Sunrise.mat using Guid(39d27e80110a983468075fd1868610d7) Importer(815301076,1909f56bfc062723c751e8b465ee728b)  -> (artifact id: '0b62e563a2421402cbe8f5092a062c52') in 0.069187 seconds
  Import took 0.099534 seconds .

========================================================================
Received Import Request.
  Time since last request: 0.000244 seconds.
  path: Assets/Fantasy Skybox FREE/Materials/FS017/FS017_Sunrise.png
  artifactKey: Guid(5e24d3ca061bf2b48a3e334c5cc4eab1) Importer(815301076,1909f56bfc062723c751e8b465ee728b)
Start importing Assets/Fantasy Skybox FREE/Materials/FS017/FS017_Sunrise.png using Guid(5e24d3ca061bf2b48a3e334c5cc4eab1) Importer(815301076,1909f56bfc062723c751e8b465ee728b)  -> (artifact id: 'fd4639904bfd3361da9859a6469722f9') in 0.024188 seconds
  Import took 0.042233 seconds .

========================================================================
Received Prepare
Registering precompiled user dll's ...
Registered in 0.043393 seconds.
Begin MonoManager ReloadAssembly
Native extension for WindowsStandalone target not found
Native extension for WebGL target not found
Refreshing native plugins compatible for Editor in 0.52 ms, found 0 plugins.
Preloading 0 native plugins for Editor in 0.00 ms.
Invoked RoslynAnalysisRunner static constructor.
RoslynAnalysisRunner will not be running.
RoslynAnalysisRunner has terminated.
Mono: successfully reloaded assembly
- Completed reload, in  1.904 seconds
Platform modules already initialized, skipping
Shader 'Universal Render Pipeline/Particles/Lit': fallback shader 'Universal Render Pipeline/Particles/SimpleLit' not found
Shader 'Universal Render Pipeline/Particles/Lit': fallback shader 'Universal Render Pipeline/Particles/SimpleLit' not found
Refreshing native plugins compatible for Editor in 0.56 ms, found 0 plugins.
Preloading 0 native plugins for Editor in 0.00 ms.
Unloading 2404 Unused Serialized files (Serialized files now loaded: 0)
System memory in use before: 126.6 MB.
System memory in use after: 123.5 MB.

Unloading 56 unused Assets to reduce memory usage. Loaded Objects now: 2881.
Total: 4.924200 ms (FindLiveObjects: 0.352300 ms CreateObjectMapping: 0.080100 ms MarkObjects: 2.215900 ms  DeleteObjects: 2.273800 ms)

========================================================================
Received Import Request.
  Time since last request: 433.176920 seconds.
  path: Assets/Fantasy Skybox FREE/Materials/FS017/FS017_Sunrise.mat
  artifactKey: Guid(39d27e80110a983468075fd1868610d7) Importer(815301076,1909f56bfc062723c751e8b465ee728b)
Start importing Assets/Fantasy Skybox FREE/Materials/FS017/FS017_Sunrise.mat using Guid(39d27e80110a983468075fd1868610d7) Importer(815301076,1909f56bfc062723c751e8b465ee728b)  -> (artifact id: '6ea4cb1227e7a81a0d45a56acd2ee815') in 0.254066 seconds
  Import took 0.300366 seconds .

AssetImportWorkerClient::OnTransportError - code=2 error=End of file
