Using pre-set license
Built from '2020.3/release' branch; Version is '2020.3.1f1 (77a89f25062f) revision 7841951'; Using compiler version '192528614'; Build Type 'Release'
OS: 'Windows 10 Pro; OS build 18362.592; Version 1903; 64bit' Language: 'en' Physical Memory: 16335 MB
BatchMode: 1, IsHumanControllingUs: 0, StartBugReporterOnCrash: 0, Is64bit: 1, IsPro: 0

 COMMAND LINE ARGUMENTS:
C:\Program Files\Unity\Hub\Editor\2020.3.1f1\Editor\Unity.exe
-adb2
-batchMode
-noUpm
-name
AssetImportWorker0
-projectPath
E:/gamedev/gitstuff/CIS410-MonkeyGame/CIS410-MonkeyGame/Monkey Game
-logFile
Logs/AssetImportWorker0.log
-srvPort
50633
Successfully changed project path to: E:/gamedev/gitstuff/CIS410-MonkeyGame/CIS410-MonkeyGame/Monkey Game
E:/gamedev/gitstuff/CIS410-MonkeyGame/CIS410-MonkeyGame/Monkey Game
Using Asset Import Pipeline V2.
Refreshing native plugins compatible for Editor in 66.03 ms, found 0 plugins.
Preloading 0 native plugins for Editor in 0.00 ms.
Initialize engine version: 2020.3.1f1 (77a89f25062f)
[Subsystems] Discovering subsystems at path C:/Program Files/Unity/Hub/Editor/2020.3.1f1/Editor/Data/Resources/UnitySubsystems
[Subsystems] Discovering subsystems at path E:/gamedev/gitstuff/CIS410-MonkeyGame/CIS410-MonkeyGame/Monkey Game/Assets
GfxDevice: creating device client; threaded=0
Direct3D:
    Version:  Direct3D 11.0 [level 11.1]
    Renderer: NVIDIA GeForce RTX 3070 (ID=0x2484)
    Vendor:   
    VRAM:     8043 MB
    Driver:   27.21.14.6140
Initialize mono
Mono path[0] = 'C:/Program Files/Unity/Hub/Editor/2020.3.1f1/Editor/Data/Managed'
Mono path[1] = 'C:/Program Files/Unity/Hub/Editor/2020.3.1f1/Editor/Data/MonoBleedingEdge/lib/mono/unityjit'
Mono config path = 'C:/Program Files/Unity/Hub/Editor/2020.3.1f1/Editor/Data/MonoBleedingEdge/etc'
Using monoOptions --debugger-agent=transport=dt_socket,embedding=1,server=y,suspend=n,address=127.0.0.1:56516
Begin MonoManager ReloadAssembly
Registering precompiled unity dll's ...
Register platform support module: C:/Program Files/Unity/Hub/Editor/2020.3.1f1/Editor/Data/PlaybackEngines/WebGLSupport/UnityEditor.WebGL.Extensions.dll
Register platform support module: C:/Program Files/Unity/Hub/Editor/2020.3.1f1/Editor/Data/PlaybackEngines/WindowsStandaloneSupport/UnityEditor.WindowsStandalone.Extensions.dll
Registered in 0.005397 seconds.
Native extension for WindowsStandalone target not found
Native extension for WebGL target not found
Refreshing native plugins compatible for Editor in 69.92 ms, found 0 plugins.
Preloading 0 native plugins for Editor in 0.00 ms.
Invoked RoslynAnalysisRunner static constructor.
RoslynAnalysisRunner will not be running.
RoslynAnalysisRunner has terminated.
Mono: successfully reloaded assembly
- Completed reload, in  1.883 seconds
Platform modules already initialized, skipping
Registering precompiled user dll's ...
Registered in 0.003691 seconds.
Begin MonoManager ReloadAssembly
Native extension for WindowsStandalone target not found
Native extension for WebGL target not found
Refreshing native plugins compatible for Editor in 64.96 ms, found 0 plugins.
Preloading 0 native plugins for Editor in 0.00 ms.
Invoked RoslynAnalysisRunner static constructor.
RoslynAnalysisRunner will not be running.
RoslynAnalysisRunner has terminated.
Mono: successfully reloaded assembly
- Completed reload, in  1.386 seconds
Platform modules already initialized, skipping
========================================================================
Worker process is ready to serve import requests
Shader 'Universal Render Pipeline/Particles/Lit': fallback shader 'Universal Render Pipeline/Particles/SimpleLit' not found
Shader 'Universal Render Pipeline/Particles/Lit': fallback shader 'Universal Render Pipeline/Particles/SimpleLit' not found
Launched and connected shader compiler UnityShaderCompiler.exe after 0.06 seconds
Refreshing native plugins compatible for Editor in 0.55 ms, found 0 plugins.
Preloading 0 native plugins for Editor in 0.00 ms.
Unloading 2403 Unused Serialized files (Serialized files now loaded: 0)
System memory in use before: 108.7 MB.
System memory in use after: 105.3 MB.

Unloading 62 unused Assets to reduce memory usage. Loaded Objects now: 2795.
Total: 4.719500 ms (FindLiveObjects: 0.335300 ms CreateObjectMapping: 0.074600 ms MarkObjects: 2.184700 ms  DeleteObjects: 2.123400 ms)

========================================================================
Received Import Request.
  path: Assets/Mankeys_sushishop/Animation_Controller_GAME/Monkey_MainChar.controller
  artifactKey: Guid(4797a78e8d865854e8f42f20cb0f8f66) Importer(815301076,1909f56bfc062723c751e8b465ee728b)
Start importing Assets/Mankeys_sushishop/Animation_Controller_GAME/Monkey_MainChar.controller using Guid(4797a78e8d865854e8f42f20cb0f8f66) Importer(815301076,1909f56bfc062723c751e8b465ee728b)  -> (artifact id: 'cb115a6deee0163c318de5d6eae3d14e') in 0.077050 seconds
  Import took 0.101794 seconds .

========================================================================
Received Import Request.
  Time since last request: 106.854727 seconds.
  path: Assets/Mankeys_sushishop/Animation_Controller_GAME/Monkey_MainChar_static.controller
  artifactKey: Guid(88ce7dc1e6552d3458d5f009892f5056) Importer(815301076,1909f56bfc062723c751e8b465ee728b)
Start importing Assets/Mankeys_sushishop/Animation_Controller_GAME/Monkey_MainChar_static.controller using Guid(88ce7dc1e6552d3458d5f009892f5056) Importer(815301076,1909f56bfc062723c751e8b465ee728b)  -> (artifact id: 'cb4936b6e7354c2f4554f35fbf1fc357') in 0.039737 seconds
  Import took 0.046641 seconds .

========================================================================
Received Import Request.
  Time since last request: 23.181763 seconds.
  path: Assets/Mankeys_sushishop/Standard Assets/Characters/ThirdPersonCharacter/Animator/ThirdPersonAnimatorController.controller
  artifactKey: Guid(e2cf68ff4b1ffda45a77f7307dd789b9) Importer(815301076,1909f56bfc062723c751e8b465ee728b)
Start importing Assets/Mankeys_sushishop/Standard Assets/Characters/ThirdPersonCharacter/Animator/ThirdPersonAnimatorController.controller using Guid(e2cf68ff4b1ffda45a77f7307dd789b9) Importer(815301076,1909f56bfc062723c751e8b465ee728b)  -> (artifact id: 'c1001f7bf00de889270ded05c2ebb559') in 0.036481 seconds
  Import took 0.042772 seconds .

========================================================================
Received Import Request.
  Time since last request: 45.651464 seconds.
  path: Assets/Mankeys_sushishop/FBX_animations/Mono_slapL.FBX
  artifactKey: Guid(4713d041eb2c0a24ca24d9153a548589) Importer(815301076,1909f56bfc062723c751e8b465ee728b)
Start importing Assets/Mankeys_sushishop/FBX_animations/Mono_slapL.FBX using Guid(4713d041eb2c0a24ca24d9153a548589) Importer(815301076,1909f56bfc062723c751e8b465ee728b)  -> (artifact id: '82a26f7b346e129cd157f93f0ccae6e6') in 0.290894 seconds
  Import took 0.296491 seconds .

========================================================================
Received Import Request.
  Time since last request: 0.000227 seconds.
  path: Assets/Mankeys_sushishop/FBX_animations/Mono_slapR.FBX
  artifactKey: Guid(527ef9e701b966841bc26e03bd5301e1) Importer(815301076,1909f56bfc062723c751e8b465ee728b)
Start importing Assets/Mankeys_sushishop/FBX_animations/Mono_slapR.FBX using Guid(527ef9e701b966841bc26e03bd5301e1) Importer(815301076,1909f56bfc062723c751e8b465ee728b)  -> (artifact id: 'f2e7db86c74ff9935038c4c1618eacb6') in 0.103466 seconds
  Import took 0.108557 seconds .

========================================================================
Received Prepare
Shader 'Universal Render Pipeline/Particles/Lit': fallback shader 'Universal Render Pipeline/Particles/SimpleLit' not found
Shader 'Universal Render Pipeline/Particles/Lit': fallback shader 'Universal Render Pipeline/Particles/SimpleLit' not found
Refreshing native plugins compatible for Editor in 2.11 ms, found 0 plugins.
Preloading 0 native plugins for Editor in 0.00 ms.
Unloading 55 Unused Serialized files (Serialized files now loaded: 0)
System memory in use before: 79.3 MB.
System memory in use after: 75.9 MB.

Unloading 55 unused Assets to reduce memory usage. Loaded Objects now: 2806.
Total: 5.441200 ms (FindLiveObjects: 0.322100 ms CreateObjectMapping: 0.072900 ms MarkObjects: 2.853500 ms  DeleteObjects: 2.190900 ms)

========================================================================
Received Import Request.
  Time since last request: 23.175683 seconds.
  path: Assets/Animator
  artifactKey: Guid(29486a9cd1773f44f80570b5bd896a1d) Importer(815301076,1909f56bfc062723c751e8b465ee728b)
Start importing Assets/Animator using Guid(29486a9cd1773f44f80570b5bd896a1d) Importer(815301076,1909f56bfc062723c751e8b465ee728b)  -> (artifact id: '54ca22d538d0ea82a614bb3b785946b5') in 0.003496 seconds
  Import took 0.034776 seconds .

